#
# There is insufficient memory for the Java Runtime Environment to continue.
# Native memory allocation (malloc) failed to allocate 1557056 bytes for Chunk::new
# Possible reasons:
#   The system is out of physical RAM or swap space
#   The process is running with CompressedOops enabled, and the Java Heap may be blocking the growth of the native heap
# Possible solutions:
#   Reduce memory load on the system
#   Increase physical memory or swap space
#   Check if swap backing store is full
#   Decrease Java heap size (-Xmx/-Xms)
#   Decrease number of Java threads
#   Decrease Java thread stack sizes (-Xss)
#   Set larger code cache with -XX:ReservedCodeCacheSize=
#   JVM is running with Zero Based Compressed Oops mode in which the Java heap is
#     placed in the first 32GB address space. The Java Heap base address is the
#     maximum limit for the native heap growth. Please use -XX:HeapBaseMinAddress
#     to set the Java Heap base and to place the Java Heap above 32GB virtual address.
# This output file may be truncated or incomplete.
#
#  Out of Memory Error (arena.cpp:189), pid=18236, tid=6376
#
# JRE version: OpenJDK Runtime Environment Corretto-17.0.8.8.1 (17.0.8.1+8) (build 17.0.8.1+8-LTS)
# Java VM: OpenJDK 64-Bit Server VM Corretto-17.0.8.8.1 (17.0.8.1+8-LTS, mixed mode, sharing, tiered, compressed oops, compressed class ptrs, g1 gc, windows-amd64)
# No core dump will be written. Minidumps are not enabled by default on client versions of Windows
#

---------------  S U M M A R Y ------------

Command Line: -Dfile.encoding=windows-1252 -Duser.country=ES -Duser.language=es -Duser.variant jpa.fundamentals.pizzeria.PizzeriaApplication

Host: 12th Gen Intel(R) Core(TM) i5-12400, 12 cores, 15G,  Windows 10 , 64 bit Build 19041 (10.0.19041.3570)
Time: Sat Nov 18 16:41:20 2023 Hora estándar de Venezuela elapsed time: 3583.297125 seconds (0d 0h 59m 43s)

---------------  T H R E A D  ---------------

Current thread (0x000001cc5a12f4b0):  JavaThread "C2 CompilerThread0" daemon [_thread_in_native, id=6376, stack(0x000000077e800000,0x000000077e900000)]


Current CompileTask:
C2:3583297 6393       4       sun.security.ec.ECOperations::setSum (815 bytes)

Stack: [0x000000077e800000,0x000000077e900000]
Native frames: (J=compiled Java code, j=interpreted, Vv=VM code, C=native code)
V  [jvm.dll+0x64c9da]
V  [jvm.dll+0x800834]
V  [jvm.dll+0x801fee]
V  [jvm.dll+0x802643]
V  [jvm.dll+0x23715b]
V  [jvm.dll+0xbd5ac]
V  [jvm.dll+0xbdb8c]
V  [jvm.dll+0x29e652]
V  [jvm.dll+0x55afd8]
V  [jvm.dll+0x213a5b]
V  [jvm.dll+0x20cc50]
V  [jvm.dll+0x20a4c2]
V  [jvm.dll+0x19a74d]
V  [jvm.dll+0x219b5d]
V  [jvm.dll+0x217cbb]
V  [jvm.dll+0x7b94bb]
V  [jvm.dll+0x7b392a]
V  [jvm.dll+0x64b845]
C  [ucrtbase.dll+0x21bb2]
C  [KERNEL32.DLL+0x17344]
C  [ntdll.dll+0x526b1]


---------------  P R O C E S S  ---------------

Threads class SMR info:
_java_thread_list=0x000001cc5f002ae0, length=31, elements={
0x000001cc7f8efa30, 0x000001cc7f8f08b0, 0x000001cc5a1293b0, 0x000001cc5a129f70,
0x000001cc5a12cd40, 0x000001cc5a12d700, 0x000001cc5a12f4b0, 0x000001cc5a12ff60,
0x000001cc5a135e70, 0x000001cc5a26aa40, 0x000001cc5a272c00, 0x000001cc5b740c00,
0x000001cc5d7d1eb0, 0x000001cc5c911f00, 0x000001cc5daf95c0, 0x000001cc5ca70950,
0x000001cc5ef03a00, 0x000001cc5ef04930, 0x000001cc5ef04e40, 0x000001cc5ef03f10,
0x000001cc5e24fb50, 0x000001cc5e24c3a0, 0x000001cc5e24b470, 0x000001cc5e24aa50,
0x000001cc5e24e710, 0x000001cc5e250060, 0x000001cc5e24dcf0, 0x000001cc5e24e200,
0x000001cc5e24f130, 0x000001cc5e24f640, 0x000001cc5e24d7e0
}

Java Threads: ( => current thread )
  0x000001cc7f8efa30 JavaThread "Reference Handler" daemon [_thread_blocked, id=13072, stack(0x000000077e200000,0x000000077e300000)]
  0x000001cc7f8f08b0 JavaThread "Finalizer" daemon [_thread_blocked, id=8152, stack(0x000000077e300000,0x000000077e400000)]
  0x000001cc5a1293b0 JavaThread "Signal Dispatcher" daemon [_thread_blocked, id=16216, stack(0x000000077e400000,0x000000077e500000)]
  0x000001cc5a129f70 JavaThread "Attach Listener" daemon [_thread_blocked, id=6248, stack(0x000000077e500000,0x000000077e600000)]
  0x000001cc5a12cd40 JavaThread "Service Thread" daemon [_thread_blocked, id=3720, stack(0x000000077e600000,0x000000077e700000)]
  0x000001cc5a12d700 JavaThread "Monitor Deflation Thread" daemon [_thread_blocked, id=13592, stack(0x000000077e700000,0x000000077e800000)]
=>0x000001cc5a12f4b0 JavaThread "C2 CompilerThread0" daemon [_thread_in_native, id=6376, stack(0x000000077e800000,0x000000077e900000)]
  0x000001cc5a12ff60 JavaThread "C1 CompilerThread0" daemon [_thread_blocked, id=14772, stack(0x000000077e900000,0x000000077ea00000)]
  0x000001cc5a135e70 JavaThread "Sweeper thread" daemon [_thread_blocked, id=18260, stack(0x000000077ea00000,0x000000077eb00000)]
  0x000001cc5a26aa40 JavaThread "Notification Thread" daemon [_thread_blocked, id=8716, stack(0x000000077eb00000,0x000000077ec00000)]
  0x000001cc5a272c00 JavaThread "Common-Cleaner" daemon [_thread_blocked, id=14172, stack(0x000000077ed00000,0x000000077ee00000)]
  0x000001cc5b740c00 JavaThread "Catalina-utility-1" [_thread_blocked, id=16916, stack(0x000000077fb00000,0x000000077fc00000)]
  0x000001cc5d7d1eb0 JavaThread "Catalina-utility-2" [_thread_blocked, id=15580, stack(0x000000077fc00000,0x000000077fd00000)]
  0x000001cc5c911f00 JavaThread "container-0" [_thread_blocked, id=16764, stack(0x000000077fd00000,0x000000077fe00000)]
  0x000001cc5daf95c0 JavaThread "mysql-cj-abandoned-connection-cleanup" daemon [_thread_blocked, id=17464, stack(0x000000077fe00000,0x000000077ff00000)]
  0x000001cc5ca70950 JavaThread "HikariPool-1 housekeeper" daemon [_thread_blocked, id=5780, stack(0x0000000700000000,0x0000000700100000)]
  0x000001cc5ef03a00 JavaThread "http-nio-8080-exec-1" daemon [_thread_blocked, id=18180, stack(0x0000000700200000,0x0000000700300000)]
  0x000001cc5ef04930 JavaThread "http-nio-8080-exec-2" daemon [_thread_blocked, id=6480, stack(0x0000000700300000,0x0000000700400000)]
  0x000001cc5ef04e40 JavaThread "http-nio-8080-exec-3" daemon [_thread_blocked, id=12056, stack(0x0000000700400000,0x0000000700500000)]
  0x000001cc5ef03f10 JavaThread "http-nio-8080-exec-4" daemon [_thread_blocked, id=12572, stack(0x0000000700500000,0x0000000700600000)]
  0x000001cc5e24fb50 JavaThread "http-nio-8080-exec-5" daemon [_thread_blocked, id=14080, stack(0x0000000700600000,0x0000000700700000)]
  0x000001cc5e24c3a0 JavaThread "http-nio-8080-exec-6" daemon [_thread_blocked, id=5564, stack(0x0000000700700000,0x0000000700800000)]
  0x000001cc5e24b470 JavaThread "http-nio-8080-exec-7" daemon [_thread_blocked, id=6280, stack(0x0000000700800000,0x0000000700900000)]
  0x000001cc5e24aa50 JavaThread "http-nio-8080-exec-8" daemon [_thread_blocked, id=16028, stack(0x0000000700900000,0x0000000700a00000)]
  0x000001cc5e24e710 JavaThread "http-nio-8080-exec-9" daemon [_thread_blocked, id=18396, stack(0x0000000700a00000,0x0000000700b00000)]
  0x000001cc5e250060 JavaThread "http-nio-8080-exec-10" daemon [_thread_blocked, id=16640, stack(0x0000000700b00000,0x0000000700c00000)]
  0x000001cc5e24dcf0 JavaThread "http-nio-8080-Poller" daemon [_thread_in_native, id=9288, stack(0x0000000700c00000,0x0000000700d00000)]
  0x000001cc5e24e200 JavaThread "http-nio-8080-Acceptor" daemon [_thread_in_native, id=10296, stack(0x0000000700d00000,0x0000000700e00000)]
  0x000001cc5e24f130 JavaThread "DestroyJavaVM" [_thread_blocked, id=17604, stack(0x000000077db00000,0x000000077dc00000)]
  0x000001cc5e24f640 JavaThread "HikariPool-1 connection closer" daemon [_thread_blocked, id=18548, stack(0x0000000700100000,0x0000000700200000)]
  0x000001cc5e24d7e0 JavaThread "HikariPool-1 connection adder" daemon [_thread_blocked, id=19124, stack(0x0000000700e00000,0x0000000700f00000)]

Other Threads:
  0x000001cc7f8eba20 VMThread "VM Thread" [stack: 0x000000077e100000,0x000000077e200000] [id=17520]
  0x000001cc5a26d750 WatcherThread [stack: 0x000000077ec00000,0x000000077ed00000] [id=6304]
  0x000001cc7158e6e0 GCTaskThread "GC Thread#0" [stack: 0x000000077dc00000,0x000000077dd00000] [id=6608]
  0x000001cc5aabc810 GCTaskThread "GC Thread#1" [stack: 0x000000077f000000,0x000000077f100000] [id=17220]
  0x000001cc5aabcad0 GCTaskThread "GC Thread#2" [stack: 0x000000077f100000,0x000000077f200000] [id=7152]
  0x000001cc5aaff2b0 GCTaskThread "GC Thread#3" [stack: 0x000000077f200000,0x000000077f300000] [id=15324]
  0x000001cc5aaff570 GCTaskThread "GC Thread#4" [stack: 0x000000077f300000,0x000000077f400000] [id=16212]
  0x000001cc5aaff830 GCTaskThread "GC Thread#5" [stack: 0x000000077f400000,0x000000077f500000] [id=3780]
  0x000001cc5aeff4a0 GCTaskThread "GC Thread#6" [stack: 0x000000077f600000,0x000000077f700000] [id=1732]
  0x000001cc5b488460 GCTaskThread "GC Thread#7" [stack: 0x000000077f700000,0x000000077f800000] [id=15492]
  0x000001cc5b2183e0 GCTaskThread "GC Thread#8" [stack: 0x000000077f800000,0x000000077f900000] [id=17512]
  0x000001cc5b2d9350 GCTaskThread "GC Thread#9" [stack: 0x000000077f500000,0x000000077f600000] [id=16832]
  0x000001cc7159f2b0 ConcurrentGCThread "G1 Main Marker" [stack: 0x000000077dd00000,0x000000077de00000] [id=2960]
  0x000001cc715a0460 ConcurrentGCThread "G1 Conc#0" [stack: 0x000000077de00000,0x000000077df00000] [id=10300]
  0x000001cc5b2d9610 ConcurrentGCThread "G1 Conc#1" [stack: 0x000000077f900000,0x000000077fa00000] [id=14880]
  0x000001cc5b2d98d0 ConcurrentGCThread "G1 Conc#2" [stack: 0x000000077fa00000,0x000000077fb00000] [id=8932]
  0x000001cc715deca0 ConcurrentGCThread "G1 Refine#0" [stack: 0x000000077df00000,0x000000077e000000] [id=11732]
  0x000001cc7f7a2d20 ConcurrentGCThread "G1 Service" [stack: 0x000000077e000000,0x000000077e100000] [id=10528]

Threads with active compile tasks:
C2 CompilerThread0  3583316 6393       4       sun.security.ec.ECOperations::setSum (815 bytes)

VM state: not at safepoint (normal execution)

VM Mutex/Monitor currently owned by a thread: None

Heap address: 0x00000004d7a00000, size: 4040 MB, Compressed Oops mode: Zero based, Oop shift amount: 3

CDS archive(s) mapped at: [0x000001cc15000000-0x000001cc15bd0000-0x000001cc15bd0000), size 12386304, SharedBaseAddress: 0x000001cc15000000, ArchiveRelocationMode: 1.
Compressed class space mapped at: 0x000001cc16000000-0x000001cc56000000, reserved size: 1073741824
Narrow klass base: 0x000001cc15000000, Narrow klass shift: 0, Narrow klass range: 0x100000000

GC Precious Log:
 CPUs: 12 total, 12 available
 Memory: 16155M
 Large Page Support: Disabled
 NUMA Support: Disabled
 Compressed Oops: Enabled (Zero based)
 Heap Region Size: 2M
 Heap Min Capacity: 8M
 Heap Initial Capacity: 254M
 Heap Max Capacity: 4040M
 Pre-touch: Disabled
 Parallel Workers: 10
 Concurrent Workers: 3
 Concurrent Refinement Workers: 10
 Periodic GC: Disabled

Heap:
 garbage-first heap   total 157696K, used 71076K [0x00000004d7a00000, 0x00000005d4200000)
  region size 2048K, 24 young (49152K), 1 survivors (2048K)
 Metaspace       used 68353K, committed 68928K, reserved 1114112K
  class space    used 9385K, committed 9664K, reserved 1048576K

Heap Regions: E=young(eden), S=young(survivor), O=old, HS=humongous(starts), HC=humongous(continues), CS=collection set, F=free, OA=open archive, CA=closed archive, TAMS=top-at-mark-start (previous, next)
|   0|0x00000004d7a00000, 0x00000004d7c00000, 0x00000004d7c00000|100%| O|  |TAMS 0x00000004d7c00000, 0x00000004d7a00000| Untracked 
|   1|0x00000004d7c00000, 0x00000004d7e00000, 0x00000004d7e00000|100%| O|  |TAMS 0x00000004d7e00000, 0x00000004d7c00000| Untracked 
|   2|0x00000004d7e00000, 0x00000004d7fe5c00, 0x00000004d8000000| 94%| O|  |TAMS 0x00000004d7fe5c00, 0x00000004d7e00000| Untracked 
|   3|0x00000004d8000000, 0x00000004d8200000, 0x00000004d8200000|100%| O|  |TAMS 0x00000004d8200000, 0x00000004d8000000| Untracked 
|   4|0x00000004d8200000, 0x00000004d8400000, 0x00000004d8400000|100%| O|  |TAMS 0x00000004d83d0e00, 0x00000004d8200000| Untracked 
|   5|0x00000004d8400000, 0x00000004d8600000, 0x00000004d8600000|100%| O|  |TAMS 0x00000004d8400000, 0x00000004d8400000| Untracked 
|   6|0x00000004d8600000, 0x00000004d87a0c00, 0x00000004d8800000| 81%| O|  |TAMS 0x00000004d8600000, 0x00000004d8600000| Untracked 
|   7|0x00000004d8800000, 0x00000004d8800000, 0x00000004d8a00000|  0%| F|  |TAMS 0x00000004d8800000, 0x00000004d8800000| Untracked 
|   8|0x00000004d8a00000, 0x00000004d8c00000, 0x00000004d8c00000|100%| O|  |TAMS 0x00000004d8c00000, 0x00000004d8a00000| Untracked 
|   9|0x00000004d8c00000, 0x00000004d8e00000, 0x00000004d8e00000|100%| O|  |TAMS 0x00000004d8e00000, 0x00000004d8c00000| Untracked 
|  10|0x00000004d8e00000, 0x00000004d9000000, 0x00000004d9000000|100%| O|  |TAMS 0x00000004d9000000, 0x00000004d8e00000| Untracked 
|  11|0x00000004d9000000, 0x00000004d9200000, 0x00000004d9200000|100%| O|  |TAMS 0x00000004d9200000, 0x00000004d9000000| Untracked 
|  12|0x00000004d9200000, 0x00000004d9400000, 0x00000004d9400000|100%| O|  |TAMS 0x00000004d9400000, 0x00000004d9200000| Untracked 
|  13|0x00000004d9400000, 0x00000004d9400000, 0x00000004d9600000|  0%| F|  |TAMS 0x00000004d9400000, 0x00000004d9400000| Untracked 
|  14|0x00000004d9600000, 0x00000004d9600000, 0x00000004d9800000|  0%| F|  |TAMS 0x00000004d9600000, 0x00000004d9600000| Untracked 
|  15|0x00000004d9800000, 0x00000004d9800000, 0x00000004d9a00000|  0%| F|  |TAMS 0x00000004d9800000, 0x00000004d9800000| Untracked 
|  16|0x00000004d9a00000, 0x00000004d9be2918, 0x00000004d9c00000| 94%| S|CS|TAMS 0x00000004d9a00000, 0x00000004d9a00000| Complete 
|  17|0x00000004d9c00000, 0x00000004d9c00000, 0x00000004d9e00000|  0%| F|  |TAMS 0x00000004d9c00000, 0x00000004d9c00000| Untracked 
|  18|0x00000004d9e00000, 0x00000004d9e00000, 0x00000004da000000|  0%| F|  |TAMS 0x00000004d9e00000, 0x00000004d9e00000| Untracked 
|  19|0x00000004da000000, 0x00000004da000000, 0x00000004da200000|  0%| F|  |TAMS 0x00000004da000000, 0x00000004da000000| Untracked 
|  20|0x00000004da200000, 0x00000004da200000, 0x00000004da400000|  0%| F|  |TAMS 0x00000004da200000, 0x00000004da200000| Untracked 
|  21|0x00000004da400000, 0x00000004da400000, 0x00000004da600000|  0%| F|  |TAMS 0x00000004da400000, 0x00000004da400000| Untracked 
|  22|0x00000004da600000, 0x00000004da600000, 0x00000004da800000|  0%| F|  |TAMS 0x00000004da600000, 0x00000004da600000| Untracked 
|  23|0x00000004da800000, 0x00000004da800000, 0x00000004daa00000|  0%| F|  |TAMS 0x00000004da800000, 0x00000004da800000| Untracked 
|  24|0x00000004daa00000, 0x00000004daa00000, 0x00000004dac00000|  0%| F|  |TAMS 0x00000004daa00000, 0x00000004daa00000| Untracked 
|  25|0x00000004dac00000, 0x00000004dac00000, 0x00000004dae00000|  0%| F|  |TAMS 0x00000004dac00000, 0x00000004dac00000| Untracked 
|  26|0x00000004dae00000, 0x00000004dae00000, 0x00000004db000000|  0%| F|  |TAMS 0x00000004dae00000, 0x00000004dae00000| Untracked 
|  27|0x00000004db000000, 0x00000004db000000, 0x00000004db200000|  0%| F|  |TAMS 0x00000004db000000, 0x00000004db000000| Untracked 
|  28|0x00000004db200000, 0x00000004db200000, 0x00000004db400000|  0%| F|  |TAMS 0x00000004db200000, 0x00000004db200000| Untracked 
|  29|0x00000004db400000, 0x00000004db400000, 0x00000004db600000|  0%| F|  |TAMS 0x00000004db400000, 0x00000004db400000| Untracked 
|  30|0x00000004db600000, 0x00000004db600000, 0x00000004db800000|  0%| F|  |TAMS 0x00000004db600000, 0x00000004db600000| Untracked 
|  31|0x00000004db800000, 0x00000004db800000, 0x00000004dba00000|  0%| F|  |TAMS 0x00000004db800000, 0x00000004db800000| Untracked 
|  32|0x00000004dba00000, 0x00000004dba00000, 0x00000004dbc00000|  0%| F|  |TAMS 0x00000004dba00000, 0x00000004dba00000| Untracked 
|  33|0x00000004dbc00000, 0x00000004dbc00000, 0x00000004dbe00000|  0%| F|  |TAMS 0x00000004dbc00000, 0x00000004dbc00000| Untracked 
|  34|0x00000004dbe00000, 0x00000004dbe00000, 0x00000004dc000000|  0%| F|  |TAMS 0x00000004dbe00000, 0x00000004dbe00000| Untracked 
|  35|0x00000004dc000000, 0x00000004dc000000, 0x00000004dc200000|  0%| F|  |TAMS 0x00000004dc000000, 0x00000004dc000000| Untracked 
|  36|0x00000004dc200000, 0x00000004dc200000, 0x00000004dc400000|  0%| F|  |TAMS 0x00000004dc200000, 0x00000004dc200000| Untracked 
|  37|0x00000004dc400000, 0x00000004dc400000, 0x00000004dc600000|  0%| F|  |TAMS 0x00000004dc400000, 0x00000004dc400000| Untracked 
|  38|0x00000004dc600000, 0x00000004dc600000, 0x00000004dc800000|  0%| F|  |TAMS 0x00000004dc600000, 0x00000004dc600000| Untracked 
|  39|0x00000004dc800000, 0x00000004dc800000, 0x00000004dca00000|  0%| F|  |TAMS 0x00000004dc800000, 0x00000004dc800000| Untracked 
|  40|0x00000004dca00000, 0x00000004dca00000, 0x00000004dcc00000|  0%| F|  |TAMS 0x00000004dca00000, 0x00000004dca00000| Untracked 
|  41|0x00000004dcc00000, 0x00000004dcc00000, 0x00000004dce00000|  0%| F|  |TAMS 0x00000004dcc00000, 0x00000004dcc00000| Untracked 
|  42|0x00000004dce00000, 0x00000004dce00000, 0x00000004dd000000|  0%| F|  |TAMS 0x00000004dce00000, 0x00000004dce00000| Untracked 
|  43|0x00000004dd000000, 0x00000004dd000000, 0x00000004dd200000|  0%| F|  |TAMS 0x00000004dd000000, 0x00000004dd000000| Untracked 
|  44|0x00000004dd200000, 0x00000004dd200000, 0x00000004dd400000|  0%| F|  |TAMS 0x00000004dd200000, 0x00000004dd200000| Untracked 
|  45|0x00000004dd400000, 0x00000004dd400000, 0x00000004dd600000|  0%| F|  |TAMS 0x00000004dd400000, 0x00000004dd400000| Untracked 
|  46|0x00000004dd600000, 0x00000004dd600000, 0x00000004dd800000|  0%| F|  |TAMS 0x00000004dd600000, 0x00000004dd600000| Untracked 
|  47|0x00000004dd800000, 0x00000004dd800000, 0x00000004dda00000|  0%| F|  |TAMS 0x00000004dd800000, 0x00000004dd800000| Untracked 
|  48|0x00000004dda00000, 0x00000004dda00000, 0x00000004ddc00000|  0%| F|  |TAMS 0x00000004dda00000, 0x00000004dda00000| Untracked 
|  49|0x00000004ddc00000, 0x00000004ddc00000, 0x00000004dde00000|  0%| F|  |TAMS 0x00000004ddc00000, 0x00000004ddc00000| Untracked 
|  50|0x00000004dde00000, 0x00000004dde00000, 0x00000004de000000|  0%| F|  |TAMS 0x00000004dde00000, 0x00000004dde00000| Untracked 
|  51|0x00000004de000000, 0x00000004de000000, 0x00000004de200000|  0%| F|  |TAMS 0x00000004de000000, 0x00000004de000000| Untracked 
|  52|0x00000004de200000, 0x00000004de200000, 0x00000004de400000|  0%| F|  |TAMS 0x00000004de200000, 0x00000004de200000| Untracked 
|  53|0x00000004de400000, 0x00000004de400000, 0x00000004de600000|  0%| F|  |TAMS 0x00000004de400000, 0x00000004de400000| Untracked 
|  54|0x00000004de600000, 0x00000004de63a1b0, 0x00000004de800000| 11%| E|  |TAMS 0x00000004de600000, 0x00000004de600000| Complete 
|  55|0x00000004de800000, 0x00000004dea00000, 0x00000004dea00000|100%| E|CS|TAMS 0x00000004de800000, 0x00000004de800000| Complete 
|  56|0x00000004dea00000, 0x00000004dec00000, 0x00000004dec00000|100%| E|CS|TAMS 0x00000004dea00000, 0x00000004dea00000| Complete 
|  57|0x00000004dec00000, 0x00000004dee00000, 0x00000004dee00000|100%| E|CS|TAMS 0x00000004dec00000, 0x00000004dec00000| Complete 
|  58|0x00000004dee00000, 0x00000004df000000, 0x00000004df000000|100%| E|CS|TAMS 0x00000004dee00000, 0x00000004dee00000| Complete 
|  59|0x00000004df000000, 0x00000004df200000, 0x00000004df200000|100%| E|CS|TAMS 0x00000004df000000, 0x00000004df000000| Complete 
|  60|0x00000004df200000, 0x00000004df400000, 0x00000004df400000|100%| E|CS|TAMS 0x00000004df200000, 0x00000004df200000| Complete 
|  61|0x00000004df400000, 0x00000004df600000, 0x00000004df600000|100%| E|CS|TAMS 0x00000004df400000, 0x00000004df400000| Complete 
|  62|0x00000004df600000, 0x00000004df800000, 0x00000004df800000|100%| E|CS|TAMS 0x00000004df600000, 0x00000004df600000| Complete 
|  63|0x00000004df800000, 0x00000004dfa00000, 0x00000004dfa00000|100%| E|CS|TAMS 0x00000004df800000, 0x00000004df800000| Complete 
|  64|0x00000004dfa00000, 0x00000004dfc00000, 0x00000004dfc00000|100%| E|CS|TAMS 0x00000004dfa00000, 0x00000004dfa00000| Complete 
|  65|0x00000004dfc00000, 0x00000004dfe00000, 0x00000004dfe00000|100%| E|CS|TAMS 0x00000004dfc00000, 0x00000004dfc00000| Complete 
|  66|0x00000004dfe00000, 0x00000004e0000000, 0x00000004e0000000|100%| E|CS|TAMS 0x00000004dfe00000, 0x00000004dfe00000| Complete 
|  67|0x00000004e0000000, 0x00000004e0200000, 0x00000004e0200000|100%| E|CS|TAMS 0x00000004e0000000, 0x00000004e0000000| Complete 
|  68|0x00000004e0200000, 0x00000004e0400000, 0x00000004e0400000|100%| E|CS|TAMS 0x00000004e0200000, 0x00000004e0200000| Complete 
|  69|0x00000004e0400000, 0x00000004e0600000, 0x00000004e0600000|100%| E|CS|TAMS 0x00000004e0400000, 0x00000004e0400000| Complete 
|  70|0x00000004e0600000, 0x00000004e0800000, 0x00000004e0800000|100%| E|CS|TAMS 0x00000004e0600000, 0x00000004e0600000| Complete 
|  71|0x00000004e0800000, 0x00000004e0a00000, 0x00000004e0a00000|100%| E|CS|TAMS 0x00000004e0800000, 0x00000004e0800000| Complete 
|  92|0x00000004e3200000, 0x00000004e3400000, 0x00000004e3400000|100%| E|CS|TAMS 0x00000004e3200000, 0x00000004e3200000| Complete 
|  93|0x00000004e3400000, 0x00000004e3600000, 0x00000004e3600000|100%| E|CS|TAMS 0x00000004e3400000, 0x00000004e3400000| Complete 
|  94|0x00000004e3600000, 0x00000004e3800000, 0x00000004e3800000|100%| E|CS|TAMS 0x00000004e3600000, 0x00000004e3600000| Complete 
|  95|0x00000004e3800000, 0x00000004e3a00000, 0x00000004e3a00000|100%| E|CS|TAMS 0x00000004e3800000, 0x00000004e3800000| Complete 
| 126|0x00000004e7600000, 0x00000004e7800000, 0x00000004e7800000|100%| E|CS|TAMS 0x00000004e7600000, 0x00000004e7600000| Complete 

Card table byte_map: [0x000001cc79d60000,0x000001cc7a550000] _byte_map_base: 0x000001cc776a3000

Marking Bits (Prev, Next): (CMBitMap*) 0x000001cc7158ed40, (CMBitMap*) 0x000001cc7158ed00
 Prev Bits: [0x000001cc0f000000, 0x000001cc12f20000)
 Next Bits: [0x000001cc7ad40000, 0x000001cc7ec60000)

Polling page: 0x000001cc6f490000

Metaspace:

Usage:
  Non-class:     57.59 MB used.
      Class:      9.17 MB used.
       Both:     66.75 MB used.

Virtual space:
  Non-class space:       64.00 MB reserved,      57.88 MB ( 90%) committed,  1 nodes.
      Class space:        1.00 GB reserved,       9.44 MB ( <1%) committed,  1 nodes.
             Both:        1.06 GB reserved,      67.31 MB (  6%) committed. 

Chunk freelists:
   Non-Class:  5.98 MB
       Class:  6.62 MB
        Both:  12.60 MB

MaxMetaspaceSize: unlimited
CompressedClassSpaceSize: 1.00 GB
Initial GC threshold: 21.00 MB
Current GC threshold: 98.38 MB
CDS: on
MetaspaceReclaimPolicy: balanced
 - commit_granule_bytes: 65536.
 - commit_granule_words: 8192.
 - virtual_space_node_default_size: 8388608.
 - enlarge_chunks_in_place: 1.
 - new_chunks_are_fully_committed: 0.
 - uncommit_free_chunks: 1.
 - use_allocation_guard: 0.
 - handle_deallocations: 1.


Internal statistics:

num_allocs_failed_limit: 9.
num_arena_births: 768.
num_arena_deaths: 0.
num_vsnodes_births: 2.
num_vsnodes_deaths: 0.
num_space_committed: 1077.
num_space_uncommitted: 0.
num_chunks_returned_to_freelist: 9.
num_chunks_taken_from_freelist: 3138.
num_chunk_merges: 3.
num_chunk_splits: 2285.
num_chunks_enlarged: 1809.
num_inconsistent_stats: 0.

CodeHeap 'non-profiled nmethods': size=120000Kb used=4137Kb max_used=4137Kb free=115862Kb
 bounds [0x000001cc07ad0000, 0x000001cc07ee0000, 0x000001cc0f000000]
CodeHeap 'profiled nmethods': size=120000Kb used=10855Kb max_used=10855Kb free=109144Kb
 bounds [0x000001cc00000000, 0x000001cc00aa0000, 0x000001cc07530000]
CodeHeap 'non-nmethods': size=5760Kb used=1372Kb max_used=1440Kb free=4387Kb
 bounds [0x000001cc07530000, 0x000001cc077a0000, 0x000001cc07ad0000]
 total_blobs=6274 nmethods=5568 adapters=618
 compilation: enabled
              stopped_count=0, restarted_count=0
 full_count=0

Compilation events (20 events):
Event: 3583.213 Thread 0x000001cc5a12ff60 nmethod 6391 0x000001cc00a96490 code [0x000001cc00a96620, 0x000001cc00a96798]
Event: 3583.215 Thread 0x000001cc5a12ff60 6392       3       sun.security.util.math.intpoly.IntegerPolynomial::carry (11 bytes)
Event: 3583.216 Thread 0x000001cc5a12ff60 nmethod 6392 0x000001cc00a96890 code [0x000001cc00a96a40, 0x000001cc00a96c08]
Event: 3583.220 Thread 0x000001cc5a12f4b0 6393       4       sun.security.ec.ECOperations::setSum (815 bytes)
Event: 3583.222 Thread 0x000001cc5a12ff60 6394       3       sun.security.util.AlgorithmDecomposer::decomposeImpl (128 bytes)
Event: 3583.223 Thread 0x000001cc5a12ff60 nmethod 6394 0x000001cc00a96d10 code [0x000001cc00a96f80, 0x000001cc00a97c68]
Event: 3583.223 Thread 0x000001cc5a12ff60 6398       3       sun.security.ssl.X509Authentication$X509PossessionGenerator::createPossession (113 bytes)
Event: 3583.224 Thread 0x000001cc5a12ff60 nmethod 6398 0x000001cc00a98210 code [0x000001cc00a98420, 0x000001cc00a98af8]
Event: 3583.225 Thread 0x000001cc5a12ff60 6397       3       sun.security.ssl.X509Authentication::createPossession (11 bytes)
Event: 3583.225 Thread 0x000001cc5a12ff60 nmethod 6397 0x000001cc00a98d90 code [0x000001cc00a98f40, 0x000001cc00a99128]
Event: 3583.225 Thread 0x000001cc5a12ff60 6399       3       sun.security.ssl.X509Authentication$X509PossessionGenerator::createClientPossession (396 bytes)
Event: 3583.226 Thread 0x000001cc5a12ff60 nmethod 6399 0x000001cc00a99210 code [0x000001cc00a99480, 0x000001cc00a9a638]
Event: 3583.226 Thread 0x000001cc5a12ff60 6395       1       java.lang.Throwable::getMessage (5 bytes)
Event: 3583.226 Thread 0x000001cc5a12ff60 nmethod 6395 0x000001cc07ed9b90 code [0x000001cc07ed9d20, 0x000001cc07ed9df8]
Event: 3583.227 Thread 0x000001cc5a12ff60 6400       1       java.nio.charset.Charset::name (5 bytes)
Event: 3583.227 Thread 0x000001cc5a12ff60 nmethod 6400 0x000001cc07ed9e90 code [0x000001cc07eda020, 0x000001cc07eda0f8]
Event: 3583.228 Thread 0x000001cc5a12ff60 6401       1       com.mysql.cj.NativeCharsetSettings::getErrorMessageEncoding (5 bytes)
Event: 3583.228 Thread 0x000001cc5a12ff60 nmethod 6401 0x000001cc07eda190 code [0x000001cc07eda320, 0x000001cc07eda3f8]
Event: 3583.228 Thread 0x000001cc5a12ff60 6402       1       com.mysql.cj.protocol.a.result.OkPacket::getWarningCount (5 bytes)
Event: 3583.228 Thread 0x000001cc5a12ff60 nmethod 6402 0x000001cc07eda490 code [0x000001cc07eda620, 0x000001cc07eda6f8]

GC Heap History (20 events):
Event: 1.628 GC heap before
{Heap before GC invocations=4 (full 0):
 garbage-first heap   total 55296K, used 40961K [0x00000004d7a00000, 0x00000005d4200000)
  region size 2048K, 19 young (38912K), 4 survivors (8192K)
 Metaspace       used 27146K, committed 27584K, reserved 1114112K
  class space    used 3468K, committed 3648K, reserved 1048576K
}
Event: 1.632 GC heap after
{Heap after GC invocations=5 (full 0):
 garbage-first heap   total 55296K, used 15665K [0x00000004d7a00000, 0x00000005d4200000)
  region size 2048K, 5 young (10240K), 5 survivors (10240K)
 Metaspace       used 27146K, committed 27584K, reserved 1114112K
  class space    used 3468K, committed 3648K, reserved 1048576K
}
Event: 1.888 GC heap before
{Heap before GC invocations=5 (full 0):
 garbage-first heap   total 55296K, used 36145K [0x00000004d7a00000, 0x00000005d4200000)
  region size 2048K, 15 young (30720K), 5 survivors (10240K)
 Metaspace       used 31440K, committed 31872K, reserved 1114112K
  class space    used 4087K, committed 4288K, reserved 1048576K
}
Event: 1.891 GC heap after
{Heap after GC invocations=6 (full 0):
 garbage-first heap   total 55296K, used 16914K [0x00000004d7a00000, 0x00000005d4200000)
  region size 2048K, 1 young (2048K), 1 survivors (2048K)
 Metaspace       used 31440K, committed 31872K, reserved 1114112K
  class space    used 4087K, committed 4288K, reserved 1048576K
}
Event: 2.067 GC heap before
{Heap before GC invocations=6 (full 0):
 garbage-first heap   total 55296K, used 31250K [0x00000004d7a00000, 0x00000005d4200000)
  region size 2048K, 9 young (18432K), 1 survivors (2048K)
 Metaspace       used 35682K, committed 36096K, reserved 1114112K
  class space    used 4652K, committed 4864K, reserved 1048576K
}
Event: 2.068 GC heap after
{Heap after GC invocations=7 (full 0):
 garbage-first heap   total 55296K, used 17391K [0x00000004d7a00000, 0x00000005d4200000)
  region size 2048K, 2 young (4096K), 2 survivors (4096K)
 Metaspace       used 35682K, committed 36096K, reserved 1114112K
  class space    used 4652K, committed 4864K, reserved 1048576K
}
Event: 2.371 GC heap before
{Heap before GC invocations=8 (full 0):
 garbage-first heap   total 55296K, used 35823K [0x00000004d7a00000, 0x00000005d4200000)
  region size 2048K, 12 young (24576K), 2 survivors (4096K)
 Metaspace       used 43604K, committed 44032K, reserved 1114112K
  class space    used 5687K, committed 5888K, reserved 1048576K
}
Event: 2.372 GC heap after
{Heap after GC invocations=9 (full 0):
 garbage-first heap   total 55296K, used 19089K [0x00000004d7a00000, 0x00000005d4200000)
  region size 2048K, 2 young (4096K), 2 survivors (4096K)
 Metaspace       used 43604K, committed 44032K, reserved 1114112K
  class space    used 5687K, committed 5888K, reserved 1048576K
}
Event: 2.600 GC heap before
{Heap before GC invocations=9 (full 0):
 garbage-first heap   total 55296K, used 39569K [0x00000004d7a00000, 0x00000005d4200000)
  region size 2048K, 12 young (24576K), 2 survivors (4096K)
 Metaspace       used 49181K, committed 49600K, reserved 1114112K
  class space    used 6472K, committed 6656K, reserved 1048576K
}
Event: 2.602 GC heap after
{Heap after GC invocations=10 (full 0):
 garbage-first heap   total 55296K, used 20348K [0x00000004d7a00000, 0x00000005d4200000)
  region size 2048K, 2 young (4096K), 2 survivors (4096K)
 Metaspace       used 49181K, committed 49600K, reserved 1114112K
  class space    used 6472K, committed 6656K, reserved 1048576K
}
Event: 2.801 GC heap before
{Heap before GC invocations=10 (full 0):
 garbage-first heap   total 55296K, used 38780K [0x00000004d7a00000, 0x00000005d4200000)
  region size 2048K, 11 young (22528K), 2 survivors (4096K)
 Metaspace       used 52706K, committed 53120K, reserved 1114112K
  class space    used 7090K, committed 7296K, reserved 1048576K
}
Event: 2.803 GC heap after
{Heap after GC invocations=11 (full 0):
 garbage-first heap   total 55296K, used 21017K [0x00000004d7a00000, 0x00000005d4200000)
  region size 2048K, 1 young (2048K), 1 survivors (2048K)
 Metaspace       used 52706K, committed 53120K, reserved 1114112K
  class space    used 7090K, committed 7296K, reserved 1048576K
}
Event: 3.112 GC heap before
{Heap before GC invocations=11 (full 0):
 garbage-first heap   total 55296K, used 39449K [0x00000004d7a00000, 0x00000005d4200000)
  region size 2048K, 11 young (22528K), 1 survivors (2048K)
 Metaspace       used 57159K, committed 57728K, reserved 1114112K
  class space    used 7686K, committed 7936K, reserved 1048576K
}
Event: 3.114 GC heap after
{Heap after GC invocations=12 (full 0):
 garbage-first heap   total 55296K, used 22393K [0x00000004d7a00000, 0x00000005d4200000)
  region size 2048K, 2 young (4096K), 2 survivors (4096K)
 Metaspace       used 57159K, committed 57728K, reserved 1114112K
  class space    used 7686K, committed 7936K, reserved 1048576K
}
Event: 3.323 GC heap before
{Heap before GC invocations=12 (full 0):
 garbage-first heap   total 55296K, used 40825K [0x00000004d7a00000, 0x00000005d4200000)
  region size 2048K, 11 young (22528K), 2 survivors (4096K)
 Metaspace       used 59435K, committed 59968K, reserved 1114112K
  class space    used 8033K, committed 8256K, reserved 1048576K
}
Event: 3.325 GC heap after
{Heap after GC invocations=13 (full 0):
 garbage-first heap   total 55296K, used 24248K [0x00000004d7a00000, 0x00000005d4200000)
  region size 2048K, 2 young (4096K), 2 survivors (4096K)
 Metaspace       used 59435K, committed 59968K, reserved 1114112K
  class space    used 8033K, committed 8256K, reserved 1048576K
}
Event: 3.355 GC heap before
{Heap before GC invocations=13 (full 0):
 garbage-first heap   total 55296K, used 26296K [0x00000004d7a00000, 0x00000005d4200000)
  region size 2048K, 4 young (8192K), 2 survivors (4096K)
 Metaspace       used 59779K, committed 60288K, reserved 1114112K
  class space    used 8083K, committed 8320K, reserved 1048576K
}
Event: 3.357 GC heap after
{Heap after GC invocations=14 (full 0):
 garbage-first heap   total 55296K, used 24687K [0x00000004d7a00000, 0x00000005d4200000)
  region size 2048K, 2 young (4096K), 2 survivors (4096K)
 Metaspace       used 59779K, committed 60288K, reserved 1114112K
  class space    used 8083K, committed 8320K, reserved 1048576K
}
Event: 49.791 GC heap before
{Heap before GC invocations=15 (full 0):
 garbage-first heap   total 55296K, used 39023K [0x00000004d7a00000, 0x00000005d4200000)
  region size 2048K, 10 young (20480K), 2 survivors (4096K)
 Metaspace       used 62201K, committed 62720K, reserved 1114112K
  class space    used 8455K, committed 8704K, reserved 1048576K
}
Event: 49.793 GC heap after
{Heap after GC invocations=16 (full 0):
 garbage-first heap   total 157696K, used 26020K [0x00000004d7a00000, 0x00000005d4200000)
  region size 2048K, 1 young (2048K), 1 survivors (2048K)
 Metaspace       used 62201K, committed 62720K, reserved 1114112K
  class space    used 8455K, committed 8704K, reserved 1048576K
}

Dll operation events (10 events):
Event: 0.005 Loaded shared library C:\Program Files\Amazon Corretto\jdk17.0.8_8\bin\java.dll
Event: 0.021 Loaded shared library C:\Program Files\Amazon Corretto\jdk17.0.8_8\bin\jsvml.dll
Event: 0.074 Loaded shared library C:\Program Files\Amazon Corretto\jdk17.0.8_8\bin\net.dll
Event: 0.075 Loaded shared library C:\Program Files\Amazon Corretto\jdk17.0.8_8\bin\nio.dll
Event: 0.076 Loaded shared library C:\Program Files\Amazon Corretto\jdk17.0.8_8\bin\zip.dll
Event: 0.139 Loaded shared library C:\Program Files\Amazon Corretto\jdk17.0.8_8\bin\jimage.dll
Event: 1.539 Loaded shared library C:\Program Files\Amazon Corretto\jdk17.0.8_8\bin\sunmscapi.dll
Event: 1.542 Loaded shared library C:\Program Files\Amazon Corretto\jdk17.0.8_8\bin\management.dll
Event: 1.544 Loaded shared library C:\Program Files\Amazon Corretto\jdk17.0.8_8\bin\management_ext.dll
Event: 1.874 Loaded shared library C:\Program Files\Amazon Corretto\jdk17.0.8_8\bin\verify.dll

Deoptimization events (20 events):
Event: 3514.505 Thread 0x000001cc5d7d1eb0 DEOPT PACKING pc=0x000001cc07ecc1b4 sp=0x000000077fcff150
Event: 3514.505 Thread 0x000001cc5d7d1eb0 DEOPT UNPACKING pc=0x000001cc075869a3 sp=0x000000077fcff0e8 mode 2
Event: 3517.009 Thread 0x000001cc5e24d2d0 DEOPT PACKING pc=0x000001cc008d7237 sp=0x0000000700efdd90
Event: 3517.009 Thread 0x000001cc5e24d2d0 DEOPT UNPACKING pc=0x000001cc07587143 sp=0x0000000700efd2b8 mode 0
Event: 3533.198 Thread 0x000001cc5e24ec20 Uncommon trap: trap_request=0xffffffbe fr.pc=0x000001cc07ecf210 relative=0x0000000000000550
Event: 3533.198 Thread 0x000001cc5e24ec20 Uncommon trap: reason=profile_predicate action=maybe_recompile pc=0x000001cc07ecf210 method=com.sun.crypto.provider.HmacCore.engineInit(Ljava/security/Key;Ljava/security/spec/AlgorithmParameterSpec;)V @ 88 c2
Event: 3533.198 Thread 0x000001cc5e24ec20 DEOPT PACKING pc=0x000001cc07ecf210 sp=0x0000000700efdcf0
Event: 3533.198 Thread 0x000001cc5e24ec20 DEOPT UNPACKING pc=0x000001cc075869a3 sp=0x0000000700efdc88 mode 2
Event: 3533.198 Thread 0x000001cc5e24ec20 Uncommon trap: trap_request=0xffffffbe fr.pc=0x000001cc07ecf210 relative=0x0000000000000550
Event: 3533.198 Thread 0x000001cc5e24ec20 Uncommon trap: reason=profile_predicate action=maybe_recompile pc=0x000001cc07ecf210 method=com.sun.crypto.provider.HmacCore.engineInit(Ljava/security/Key;Ljava/security/spec/AlgorithmParameterSpec;)V @ 88 c2
Event: 3533.198 Thread 0x000001cc5e24ec20 DEOPT PACKING pc=0x000001cc07ecf210 sp=0x0000000700efdc50
Event: 3533.198 Thread 0x000001cc5e24ec20 DEOPT UNPACKING pc=0x000001cc075869a3 sp=0x0000000700efdbe8 mode 2
Event: 3533.198 Thread 0x000001cc5e24ec20 Uncommon trap: trap_request=0xffffffbe fr.pc=0x000001cc07ecf210 relative=0x0000000000000550
Event: 3533.198 Thread 0x000001cc5e24ec20 Uncommon trap: reason=profile_predicate action=maybe_recompile pc=0x000001cc07ecf210 method=com.sun.crypto.provider.HmacCore.engineInit(Ljava/security/Key;Ljava/security/spec/AlgorithmParameterSpec;)V @ 88 c2
Event: 3533.198 Thread 0x000001cc5e24ec20 DEOPT PACKING pc=0x000001cc07ecf210 sp=0x0000000700efdd70
Event: 3533.198 Thread 0x000001cc5e24ec20 DEOPT UNPACKING pc=0x000001cc075869a3 sp=0x0000000700efdd08 mode 2
Event: 3533.198 Thread 0x000001cc5e24ec20 Uncommon trap: trap_request=0xffffffbe fr.pc=0x000001cc07ecf210 relative=0x0000000000000550
Event: 3533.198 Thread 0x000001cc5e24ec20 Uncommon trap: reason=profile_predicate action=maybe_recompile pc=0x000001cc07ecf210 method=com.sun.crypto.provider.HmacCore.engineInit(Ljava/security/Key;Ljava/security/spec/AlgorithmParameterSpec;)V @ 88 c2
Event: 3533.198 Thread 0x000001cc5e24ec20 DEOPT PACKING pc=0x000001cc07ecf210 sp=0x0000000700efdd70
Event: 3533.198 Thread 0x000001cc5e24ec20 DEOPT UNPACKING pc=0x000001cc075869a3 sp=0x0000000700efdd08 mode 2

Classes unloaded (0 events):
No events

Classes redefined (0 events):
No events

Internal exceptions (20 events):
Event: 3.449 Thread 0x000001cc71524da0 Exception <a 'java/lang/NoSuchMethodError'{0x00000004da4e69e8}: 'java.lang.Object java.lang.invoke.DirectMethodHandle$Holder.invokeSpecial(java.lang.Object, java.lang.Object, java.lang.Object, int, java.lang.Object, int)'> (0x00000004da4e69e8) 
thrown [s\src\hotspot\share\interpreter\linkResolver.cpp, line 759]
Event: 49.737 Thread 0x000001cc5ef04930 Exception <a 'java/lang/NoSuchMethodError'{0x00000004da174028}: 'java.lang.Object java.lang.invoke.DirectMethodHandle$Holder.invokeSpecial(java.lang.Object, java.lang.Object, java.lang.Object, java.lang.Object, java.lang.Object, long)'> (0x00000004da174028) 
thrown [s\src\hotspot\share\interpreter\linkResolver.cpp, line 759]
Event: 49.737 Thread 0x000001cc5ef04930 Exception <a 'java/lang/NoSuchMethodError'{0x00000004da177a68}: 'java.lang.Object java.lang.invoke.Invokers$Holder.linkToTargetMethod(java.lang.Object, java.lang.Object, java.lang.Object, long, java.lang.Object)'> (0x00000004da177a68) 
thrown [s\src\hotspot\share\interpreter\linkResolver.cpp, line 759]
Event: 49.974 Thread 0x000001cc5ef03a00 Exception <a 'java/lang/NoSuchMethodError'{0x00000004e01d4ce8}: 'java.lang.Object java.lang.invoke.DirectMethodHandle$Holder.invokeInterface(java.lang.Object, java.lang.Object, java.lang.Object, java.lang.Object)'> (0x00000004e01d4ce8) 
thrown [s\src\hotspot\share\interpreter\linkResolver.cpp, line 759]
Event: 50.005 Thread 0x000001cc5ef03a00 Exception <a 'java/lang/NoSuchMethodError'{0x00000004dfc30158}: 'void java.lang.invoke.DirectMethodHandle$Holder.invokeSpecialIFC(java.lang.Object, java.lang.Object, int, java.lang.Object, java.lang.Object, java.lang.Object, java.lang.Object)'> (0x00000004dfc30158) 
thrown [s\src\hotspot\share\interpreter\linkResolver.cpp, line 759]
Event: 1757.494 Thread 0x000001cc5e24ec20 Exception <a 'java/io/IOException'{0x00000004df23ca88}> (0x00000004df23ca88) 
thrown [s\src\hotspot\share\prims\jni.cpp, line 516]
Event: 1757.494 Thread 0x000001cc5e24ec20 Exception <a 'java/io/IOException'{0x00000004df23d5c8}> (0x00000004df23d5c8) 
thrown [s\src\hotspot\share\prims\jni.cpp, line 516]
Event: 1761.043 Thread 0x000001cc5e24ec20 Exception <a 'java/io/IOException'{0x00000004df2426e0}> (0x00000004df2426e0) 
thrown [s\src\hotspot\share\prims\jni.cpp, line 516]
Event: 1766.075 Thread 0x000001cc5e24ec20 Exception <a 'java/io/IOException'{0x00000004df322550}> (0x00000004df322550) 
thrown [s\src\hotspot\share\prims\jni.cpp, line 516]
Event: 1766.075 Thread 0x000001cc5e24ec20 Exception <a 'java/io/IOException'{0x00000004df323090}> (0x00000004df323090) 
thrown [s\src\hotspot\share\prims\jni.cpp, line 516]
Event: 1772.263 Thread 0x000001cc5e24ec20 Exception <a 'java/io/IOException'{0x00000004df3d3470}> (0x00000004df3d3470) 
thrown [s\src\hotspot\share\prims\jni.cpp, line 516]
Event: 1772.263 Thread 0x000001cc5e24ec20 Exception <a 'java/io/IOException'{0x00000004df3d3fb0}> (0x00000004df3d3fb0) 
thrown [s\src\hotspot\share\prims\jni.cpp, line 516]
Event: 1779.143 Thread 0x000001cc5e24ec20 Exception <a 'java/io/IOException'{0x00000004df0777c8}> (0x00000004df0777c8) 
thrown [s\src\hotspot\share\prims\jni.cpp, line 516]
Event: 1779.143 Thread 0x000001cc5e24ec20 Exception <a 'java/io/IOException'{0x00000004df078308}> (0x00000004df078308) 
thrown [s\src\hotspot\share\prims\jni.cpp, line 516]
Event: 1792.587 Thread 0x000001cc5e24b980 Exception <a 'java/io/IOException'{0x00000004def5bbd0}> (0x00000004def5bbd0) 
thrown [s\src\hotspot\share\prims\jni.cpp, line 516]
Event: 1792.587 Thread 0x000001cc5e24b980 Exception <a 'java/io/IOException'{0x00000004def5c710}> (0x00000004def5c710) 
thrown [s\src\hotspot\share\prims\jni.cpp, line 516]
Event: 3555.458 Thread 0x000001cc5e250570 Exception <a 'java/io/IOException'{0x00000004dea7a4b0}> (0x00000004dea7a4b0) 
thrown [s\src\hotspot\share\prims\jni.cpp, line 516]
Event: 3562.849 Thread 0x000001cc5e24c8b0 Exception <a 'java/io/IOException'{0x00000004de83b010}> (0x00000004de83b010) 
thrown [s\src\hotspot\share\prims\jni.cpp, line 516]
Event: 3562.849 Thread 0x000001cc5e24c8b0 Exception <a 'java/io/IOException'{0x00000004de83bb50}> (0x00000004de83bb50) 
thrown [s\src\hotspot\share\prims\jni.cpp, line 516]
Event: 3583.210 Thread 0x000001cc5e24f640 Exception <a 'java/net/SocketException'{0x00000004de95bdc8}: Connection reset by peer: shutdown> (0x00000004de95bdc8) 
thrown [s\src\hotspot\share\prims\jni.cpp, line 535]

VM Operations (20 events):
Event: 3514.723 Executing VM operation: Cleanup
Event: 3514.723 Executing VM operation: Cleanup done
Event: 3517.748 Executing VM operation: Cleanup
Event: 3517.748 Executing VM operation: Cleanup done
Event: 3522.806 Executing VM operation: Cleanup
Event: 3522.806 Executing VM operation: Cleanup done
Event: 3533.198 Executing VM operation: HandshakeAllThreads
Event: 3533.198 Executing VM operation: HandshakeAllThreads done
Event: 3533.198 Executing VM operation: Cleanup
Event: 3533.199 Executing VM operation: Cleanup done
Event: 3534.210 Executing VM operation: Cleanup
Event: 3534.210 Executing VM operation: Cleanup done
Event: 3553.368 Executing VM operation: Cleanup
Event: 3553.368 Executing VM operation: Cleanup done
Event: 3556.380 Executing VM operation: Cleanup
Event: 3556.380 Executing VM operation: Cleanup done
Event: 3563.420 Executing VM operation: Cleanup
Event: 3563.420 Executing VM operation: Cleanup done
Event: 3575.498 Executing VM operation: Cleanup
Event: 3575.498 Executing VM operation: Cleanup done

Events (20 events):
Event: 3533.209 Thread 0x000001cc5a135e70 flushing nmethod 0x000001cc00146210
Event: 3533.212 Thread 0x000001cc5a135e70 flushing nmethod 0x000001cc007bf310
Event: 3538.190 Thread 0x000001cc5e249610 Thread exited: 0x000001cc5e249610
Event: 3538.221 Thread 0x000001cc5e24ec20 Thread exited: 0x000001cc5e24ec20
Event: 3547.868 Thread 0x000001cc5e250570 Thread added: 0x000001cc5e250570
Event: 3547.868 Thread 0x000001cc5e24a030 Thread added: 0x000001cc5e24a030
Event: 3560.472 Thread 0x000001cc5e250570 Thread exited: 0x000001cc5e250570
Event: 3560.502 Thread 0x000001cc5e24a030 Thread exited: 0x000001cc5e24a030
Event: 3562.846 Thread 0x000001cc5e24c8b0 Thread added: 0x000001cc5e24c8b0
Event: 3562.846 Thread 0x000001cc5e249610 Thread added: 0x000001cc5e249610
Event: 3562.852 Thread 0x000001cc5aa9f330 Thread added: 0x000001cc5aa9f330
Event: 3567.857 Thread 0x000001cc5e24c8b0 Thread exited: 0x000001cc5e24c8b0
Event: 3567.873 Thread 0x000001cc5aa9f330 Thread exited: 0x000001cc5aa9f330
Event: 3567.889 Thread 0x000001cc5e249610 Thread exited: 0x000001cc5e249610
Event: 3574.707 Thread 0x000001cc5e249b20 Thread added: 0x000001cc5e249b20
Event: 3574.707 Thread 0x000001cc5e24c8b0 Thread added: 0x000001cc5e24c8b0
Event: 3579.710 Thread 0x000001cc5e249b20 Thread exited: 0x000001cc5e249b20
Event: 3579.741 Thread 0x000001cc5e24c8b0 Thread exited: 0x000001cc5e24c8b0
Event: 3583.209 Thread 0x000001cc5e24f640 Thread added: 0x000001cc5e24f640
Event: 3583.209 Thread 0x000001cc5e24d7e0 Thread added: 0x000001cc5e24d7e0


Dynamic libraries:
0x00007ff6b3c90000 - 0x00007ff6b3c9d000 	C:\Program Files\Amazon Corretto\jdk17.0.8_8\bin\java.exe
0x00007ff9343b0000 - 0x00007ff9345a7000 	C:\Windows\SYSTEM32\ntdll.dll
0x00007ff932d00000 - 0x00007ff932dbd000 	C:\Windows\System32\KERNEL32.DLL
0x00007ff931bc0000 - 0x00007ff931eb6000 	C:\Windows\System32\KERNELBASE.dll
0x00007ff932160000 - 0x00007ff932260000 	C:\Windows\System32\ucrtbase.dll
0x00007ff8e24b0000 - 0x00007ff8e24c5000 	C:\Program Files\Amazon Corretto\jdk17.0.8_8\bin\VCRUNTIME140.dll
0x00007ff8f2750000 - 0x00007ff8f2767000 	C:\Program Files\Amazon Corretto\jdk17.0.8_8\bin\jli.dll
0x00007ff933a20000 - 0x00007ff933bbe000 	C:\Windows\System32\USER32.dll
0x00007ff916790000 - 0x00007ff916a2a000 	C:\Windows\WinSxS\amd64_microsoft.windows.common-controls_6595b64144ccf1df_6.0.19041.3570_none_60bb2a3971f3e41a\COMCTL32.dll
0x00007ff931b90000 - 0x00007ff931bb2000 	C:\Windows\System32\win32u.dll
0x00007ff934290000 - 0x00007ff9342bc000 	C:\Windows\System32\GDI32.dll
0x00007ff933bd0000 - 0x00007ff933c6e000 	C:\Windows\System32\msvcrt.dll
0x00007ff932040000 - 0x00007ff93215a000 	C:\Windows\System32\gdi32full.dll
0x00007ff931f70000 - 0x00007ff93200d000 	C:\Windows\System32\msvcp_win.dll
0x00007ff933230000 - 0x00007ff933260000 	C:\Windows\System32\IMM32.DLL
0x00007ff8e0260000 - 0x00007ff8e02fb000 	C:\Program Files\Amazon Corretto\jdk17.0.8_8\bin\msvcp140.dll
0x00007ff8ae010000 - 0x00007ff8aec2d000 	C:\Program Files\Amazon Corretto\jdk17.0.8_8\bin\server\jvm.dll
0x00007ff933ec0000 - 0x00007ff933f6e000 	C:\Windows\System32\ADVAPI32.dll
0x00007ff9336f0000 - 0x00007ff93378c000 	C:\Windows\System32\sechost.dll
0x00007ff933c70000 - 0x00007ff933d96000 	C:\Windows\System32\RPCRT4.dll
0x00007ff917d90000 - 0x00007ff917d99000 	C:\Windows\SYSTEM32\WSOCK32.dll
0x00007ff930fa0000 - 0x00007ff930feb000 	C:\Windows\SYSTEM32\POWRPROF.dll
0x00007ff92cf10000 - 0x00007ff92cf37000 	C:\Windows\SYSTEM32\WINMM.dll
0x00007ff92c940000 - 0x00007ff92c94a000 	C:\Windows\SYSTEM32\VERSION.dll
0x00007ff934220000 - 0x00007ff93428b000 	C:\Windows\System32\WS2_32.dll
0x00007ff930e70000 - 0x00007ff930e82000 	C:\Windows\SYSTEM32\UMPDC.dll
0x00007ff92f910000 - 0x00007ff92f922000 	C:\Windows\SYSTEM32\kernel.appcore.dll
0x00007ff912b30000 - 0x00007ff912b3a000 	C:\Program Files\Amazon Corretto\jdk17.0.8_8\bin\jimage.dll
0x00007ff9172e0000 - 0x00007ff9174c4000 	C:\Windows\SYSTEM32\DBGHELP.DLL
0x00007ff917c50000 - 0x00007ff917c84000 	C:\Windows\SYSTEM32\dbgcore.DLL
0x00007ff931a90000 - 0x00007ff931b12000 	C:\Windows\System32\bcryptPrimitives.dll
0x00007ff8cdee0000 - 0x00007ff8cdf05000 	C:\Program Files\Amazon Corretto\jdk17.0.8_8\bin\java.dll
0x00007ff8ba410000 - 0x00007ff8ba4e6000 	C:\Program Files\Amazon Corretto\jdk17.0.8_8\bin\jsvml.dll
0x00007ff9324c0000 - 0x00007ff932c04000 	C:\Windows\System32\SHELL32.dll
0x00007ff92fb10000 - 0x00007ff9302ab000 	C:\Windows\SYSTEM32\windows.storage.dll
0x00007ff933330000 - 0x00007ff933684000 	C:\Windows\System32\combase.dll
0x00007ff9313f0000 - 0x00007ff93141d000 	C:\Windows\SYSTEM32\Wldp.dll
0x00007ff932410000 - 0x00007ff9324bd000 	C:\Windows\System32\SHCORE.dll
0x00007ff9341b0000 - 0x00007ff934205000 	C:\Windows\System32\shlwapi.dll
0x00007ff9319c0000 - 0x00007ff9319e5000 	C:\Windows\SYSTEM32\profapi.dll
0x00007ff8e0400000 - 0x00007ff8e0419000 	C:\Program Files\Amazon Corretto\jdk17.0.8_8\bin\net.dll
0x00007ff92b6b0000 - 0x00007ff92b7ba000 	C:\Windows\SYSTEM32\WINHTTP.dll
0x00007ff9311d0000 - 0x00007ff93123a000 	C:\Windows\system32\mswsock.dll
0x00007ff8cdec0000 - 0x00007ff8cded5000 	C:\Program Files\Amazon Corretto\jdk17.0.8_8\bin\nio.dll
0x00007ff8cdea0000 - 0x00007ff8cdeb8000 	C:\Program Files\Amazon Corretto\jdk17.0.8_8\bin\zip.dll
0x00007ff931430000 - 0x00007ff931448000 	C:\Windows\SYSTEM32\CRYPTSP.dll
0x00007ff930a30000 - 0x00007ff930a64000 	C:\Windows\system32\rsaenh.dll
0x00007ff932010000 - 0x00007ff932037000 	C:\Windows\System32\bcrypt.dll
0x00007ff931940000 - 0x00007ff93196e000 	C:\Windows\SYSTEM32\USERENV.dll
0x00007ff931360000 - 0x00007ff93136c000 	C:\Windows\SYSTEM32\CRYPTBASE.dll
0x00007ff930e90000 - 0x00007ff930ecb000 	C:\Windows\SYSTEM32\IPHLPAPI.DLL
0x00007ff9340c0000 - 0x00007ff9340c8000 	C:\Windows\System32\NSI.dll
0x00007ff92c040000 - 0x00007ff92c057000 	C:\Windows\SYSTEM32\dhcpcsvc6.DLL
0x00007ff92c180000 - 0x00007ff92c19d000 	C:\Windows\SYSTEM32\dhcpcsvc.DLL
0x00007ff930ed0000 - 0x00007ff930f9a000 	C:\Windows\SYSTEM32\DNSAPI.dll
0x00007ff90c3e0000 - 0x00007ff90c3ee000 	C:\Program Files\Amazon Corretto\jdk17.0.8_8\bin\sunmscapi.dll
0x00007ff932260000 - 0x00007ff9323bd000 	C:\Windows\System32\CRYPT32.dll
0x00007ff9314e0000 - 0x00007ff931507000 	C:\Windows\SYSTEM32\ncrypt.dll
0x00007ff931480000 - 0x00007ff9314bb000 	C:\Windows\SYSTEM32\NTASN1.dll
0x00007ff9163b0000 - 0x00007ff9163b9000 	C:\Program Files\Amazon Corretto\jdk17.0.8_8\bin\management.dll
0x00007ff90d910000 - 0x00007ff90d91b000 	C:\Program Files\Amazon Corretto\jdk17.0.8_8\bin\management_ext.dll
0x00007ff934210000 - 0x00007ff934218000 	C:\Windows\System32\PSAPI.DLL
0x00007ff910670000 - 0x00007ff910680000 	C:\Program Files\Amazon Corretto\jdk17.0.8_8\bin\verify.dll
0x00007ff9223b0000 - 0x00007ff9223ba000 	C:\Windows\System32\rasadhlp.dll
0x00007ff923010000 - 0x00007ff923092000 	C:\Windows\System32\fwpuclnt.dll
0x00007ff914350000 - 0x00007ff914357000 	C:\Windows\system32\wshunix.dll

dbghelp: loaded successfully - version: 4.0.5 - missing functions: none
symbol engine: initialized successfully - sym options: 0x614 - pdb path: .;C:\Program Files\Amazon Corretto\jdk17.0.8_8\bin;C:\Windows\SYSTEM32;C:\Windows\WinSxS\amd64_microsoft.windows.common-controls_6595b64144ccf1df_6.0.19041.3570_none_60bb2a3971f3e41a;C:\Program Files\Amazon Corretto\jdk17.0.8_8\bin\server

VM Arguments:
jvm_args: -Dfile.encoding=windows-1252 -Duser.country=ES -Duser.language=es -Duser.variant 
java_command: jpa.fundamentals.pizzeria.PizzeriaApplication
java_class_path (initial): C:\Users\Main\Desktop\Desarrollos\PERSONAL\pizzeria\build\classes\java\main;C:\Users\Main\Desktop\Desarrollos\PERSONAL\pizzeria\build\resources\main;C:\Users\Main\.gradle\caches\modules-2\files-2.1\org.springframework.boot\spring-boot-starter-data-jpa\3.1.5\5fdcfab1fe9d6dddf4352d71f5ed879eb1aa92c2\spring-boot-starter-data-jpa-3.1.5.jar;C:\Users\Main\.gradle\caches\modules-2\files-2.1\org.springframework.boot\spring-boot-starter-web\3.1.5\3674e5603cc25bc4dccf73b97d50234332fc3d72\spring-boot-starter-web-3.1.5.jar;C:\Users\Main\.gradle\caches\modules-2\files-2.1\com.mysql\mysql-connector-j\8.0.33\9e64d997873abc4318620264703d3fdb6b02dd5a\mysql-connector-j-8.0.33.jar;C:\Users\Main\.gradle\caches\modules-2\files-2.1\org.springframework.boot\spring-boot-starter-aop\3.1.5\2ac1f8bf4c2bce13b46d04abafc69a4f1523a08\spring-boot-starter-aop-3.1.5.jar;C:\Users\Main\.gradle\caches\modules-2\files-2.1\org.springframework.boot\spring-boot-starter-jdbc\3.1.5\138c0e0ab493d8a51bb51dfc3b7144d702ff4c26\spring-boot-starter-jdbc-3.1.5.jar;C:\Users\Main\.gradle\caches\modules-2\files-2.1\org.hibernate.orm\hibernate-core\6.2.13.Final\de458672b40154ab9ecfe7466987ad1772167af8\hibernate-core-6.2.13.Final.jar;C:\Users\Main\.gradle\caches\modules-2\files-2.1\org.springframework.data\spring-data-jpa\3.1.5\6de79da064f0b97c6448e0bfa5d63da9fb6e1582\spring-data-jpa-3.1.5.jar;C:\Users\Main\.gradle\caches\modules-2\files-2.1\org.springframework\spring-aspects\6.0.13\59b1d3f507f5ed2e4ef357541c464925831bea9b\spring-aspects-6.0.13.jar;C:\Users\Main\.gradle\caches\modules-2\files-2.1\org.springframework.boot\spring-boot-starter-json\3.1.5\36ce79c1a5c63ffd72b092eb312cb35ac6edb128\spring-boot-starter-json-3.1.5.jar;C:\Users\Main\.gradle\caches\modules-2\files-2.1\org.springframework.boot\spring-boot-starter\3.1.5\a14cd17b86261933929566775d80c65b9f7440fc\spring-boot-starter-3.1.5.jar;C:\Users\Main\.gradle\caches\modules-2\files-2.1\org.springframework.boot\spring-boot-starter-tomcat
Launcher Type: SUN_STANDARD

[Global flags]
     intx CICompilerCount                          = 4                                         {product} {ergonomic}
     uint ConcGCThreads                            = 3                                         {product} {ergonomic}
     uint G1ConcRefinementThreads                  = 10                                        {product} {ergonomic}
   size_t G1HeapRegionSize                         = 2097152                                   {product} {ergonomic}
    uintx GCDrainStackTargetSize                   = 64                                        {product} {ergonomic}
   size_t InitialHeapSize                          = 266338304                                 {product} {ergonomic}
   size_t MarkStackSize                            = 4194304                                   {product} {ergonomic}
   size_t MaxHeapSize                              = 4236247040                                {product} {ergonomic}
   size_t MaxNewSize                               = 2541748224                                {product} {ergonomic}
   size_t MinHeapDeltaBytes                        = 2097152                                   {product} {ergonomic}
   size_t MinHeapSize                              = 8388608                                   {product} {ergonomic}
    uintx NonNMethodCodeHeapSize                   = 5839372                                {pd product} {ergonomic}
    uintx NonProfiledCodeHeapSize                  = 122909434                              {pd product} {ergonomic}
    uintx ProfiledCodeHeapSize                     = 122909434                              {pd product} {ergonomic}
    uintx ReservedCodeCacheSize                    = 251658240                              {pd product} {ergonomic}
     bool SegmentedCodeCache                       = true                                      {product} {ergonomic}
   size_t SoftMaxHeapSize                          = 4236247040                             {manageable} {ergonomic}
     bool UseCompressedClassPointers               = true                           {product lp64_product} {ergonomic}
     bool UseCompressedOops                        = true                           {product lp64_product} {ergonomic}
     bool UseG1GC                                  = true                                      {product} {ergonomic}
     bool UseLargePagesIndividualAllocation        = false                                  {pd product} {ergonomic}

Logging:
Log output configuration:
 #0: stdout all=warning uptime,level,tags
 #1: stderr all=off uptime,level,tags

Environment Variables:
JAVA_HOME=C:\Program Files\Amazon Corretto\jdk17.0.8_8
PATH=C:\Program Files\Amazon Corretto\jdk17.0.8_8\bin;C:\Windows\system32;C:\Windows;C:\Windows\System32\Wbem;C:\Windows\System32\WindowsPowerShell\v1.0\;C:\Windows\System32\OpenSSH\;C:\Program Files\Docker\Docker\resources\bin;C:\Users\Main\Downloads\php-8.2.9-nts-Win32-vs16-x64;C:\composer;C:\Users\Main\AppData\Roaming\nvm;C:\Program Files\nodejs;C:\Program Files\Git\cmd;C:\Users\Main\AppData\Local\Programs\Python\Python312\Scripts\;C:\Users\Main\AppData\Local\Programs\Python\Python312\;C:\Users\Main\AppData\Local\Programs\Python\Launcher\;C:\Users\Main\AppData\Local\Microsoft\WindowsApps;C:\Users\Main\AppData\Roaming\Composer\vendor\bin;C:\Users\Main\AppData\Roaming\nvm;C:\Program Files\nodejs;C:\Users\Main\AppData\Local\Programs\Microsoft VS Code\bin
USERNAME=Main
OS=Windows_NT
PROCESSOR_IDENTIFIER=Intel64 Family 6 Model 151 Stepping 5, GenuineIntel
TMP=C:\Users\Main\AppData\Local\Temp
TEMP=C:\Users\Main\AppData\Local\Temp



---------------  S Y S T E M  ---------------

OS:
 Windows 10 , 64 bit Build 19041 (10.0.19041.3570)
OS uptime: 4 days 0:13 hours
Hyper-V role detected

CPU: total 12 (initial active 12) (6 cores per cpu, 2 threads per core) family 6 model 151 stepping 5 microcode 0x2c, cx8, cmov, fxsr, ht, mmx, 3dnowpref, sse, sse2, sse3, ssse3, sse4.1, sse4.2, popcnt, lzcnt, tsc, tscinvbit, avx, avx2, aes, erms, clmul, bmi1, bmi2, adx, sha, fma, vzeroupper, clflush, clflushopt, clwb, hv
Processor Information for all 12 processors :
  Max Mhz: 2500, Current Mhz: 2500, Mhz Limit: 2500

Memory: 4k page, system-wide physical 16155M (2100M free)
TotalPageFile size 16155M (AvailPageFile size 17M)
current process WorkingSet (physical memory assigned to process): 110M, peak: 281M
current process commit charge ("private bytes"): 373M, peak: 411M

vm_info: OpenJDK 64-Bit Server VM (17.0.8.1+8-LTS) for windows-amd64 JRE (17.0.8.1+8-LTS), built on Aug 19 2023 03:47:39 by "Administrator" with MS VC++ 15.9 (VS2017)

END.
