#
# There is insufficient memory for the Java Runtime Environment to continue.
# Native memory allocation (malloc) failed to allocate 765616 bytes for Chunk::new
# Possible reasons:
#   The system is out of physical RAM or swap space
#   The process is running with CompressedOops enabled, and the Java Heap may be blocking the growth of the native heap
# Possible solutions:
#   Reduce memory load on the system
#   Increase physical memory or swap space
#   Check if swap backing store is full
#   Decrease Java heap size (-Xmx/-Xms)
#   Decrease number of Java threads
#   Decrease Java thread stack sizes (-Xss)
#   Set larger code cache with -XX:ReservedCodeCacheSize=
#   JVM is running with Zero Based Compressed Oops mode in which the Java heap is
#     placed in the first 32GB address space. The Java Heap base address is the
#     maximum limit for the native heap growth. Please use -XX:HeapBaseMinAddress
#     to set the Java Heap base and to place the Java Heap above 32GB virtual address.
# This output file may be truncated or incomplete.
#
#  Out of Memory Error (arena.cpp:189), pid=8812, tid=12648
#
# JRE version: OpenJDK Runtime Environment Corretto-17.0.8.8.1 (17.0.8.1+8) (build 17.0.8.1+8-LTS)
# Java VM: OpenJDK 64-Bit Server VM Corretto-17.0.8.8.1 (17.0.8.1+8-LTS, mixed mode, sharing, tiered, compressed oops, compressed class ptrs, g1 gc, windows-amd64)
# No core dump will be written. Minidumps are not enabled by default on client versions of Windows
#

---------------  S U M M A R Y ------------

Command Line: -Dfile.encoding=windows-1252 -Duser.country=ES -Duser.language=es -Duser.variant jpa.fundamentals.pizzeria.PizzeriaApplication

Host: 12th Gen Intel(R) Core(TM) i5-12400, 12 cores, 15G,  Windows 10 , 64 bit Build 19041 (10.0.19041.3570)
Time: Fri Nov 17 15:40:22 2023 Hora estándar de Venezuela elapsed time: 0.490609 seconds (0d 0h 0m 0s)

---------------  T H R E A D  ---------------

Current thread (0x000001fdc4bb3880):  JavaThread "C2 CompilerThread2" daemon [_thread_in_native, id=12648, stack(0x0000005299500000,0x0000005299600000)]


Current CompileTask:
C2:    490 1445   !   4       java.net.URL::<init> (543 bytes)

Stack: [0x0000005299500000,0x0000005299600000]
Native frames: (J=compiled Java code, j=interpreted, Vv=VM code, C=native code)
V  [jvm.dll+0x64c9da]
V  [jvm.dll+0x800834]
V  [jvm.dll+0x801fee]
V  [jvm.dll+0x802643]
V  [jvm.dll+0x23715b]
V  [jvm.dll+0xbd5ac]
V  [jvm.dll+0xbdb8c]
V  [jvm.dll+0x3518c7]
V  [jvm.dll+0x31be9f]
V  [jvm.dll+0x31b2da]
V  [jvm.dll+0x20b045]
V  [jvm.dll+0x20a5d7]
V  [jvm.dll+0x19a74d]
V  [jvm.dll+0x219b5d]
V  [jvm.dll+0x217cbb]
V  [jvm.dll+0x7b94bb]
V  [jvm.dll+0x7b392a]
V  [jvm.dll+0x64b845]
C  [ucrtbase.dll+0x21bb2]
C  [KERNEL32.DLL+0x17344]
C  [ntdll.dll+0x526b1]


---------------  P R O C E S S  ---------------

Threads class SMR info:
_java_thread_list=0x000001fdc9227990, length=15, elements={
0x000001fddda72ff0, 0x000001fd8288b550, 0x000001fd8288c3d0, 0x000001fd828a6210,
0x000001fd828a6dd0, 0x000001fd828a97a0, 0x000001fd828ac170, 0x000001fd828adf20,
0x000001fd828b1ed0, 0x000001fd828ba8e0, 0x000001fdc4196170, 0x000001fdc419a030,
0x000001fdc41fd320, 0x000001fdc4bb3880, 0x000001fdc4b92eb0
}

Java Threads: ( => current thread )
  0x000001fddda72ff0 JavaThread "main" [_thread_in_vm, id=14528, stack(0x0000005298100000,0x0000005298200000)]
  0x000001fd8288b550 JavaThread "Reference Handler" daemon [_thread_blocked, id=10528, stack(0x0000005298800000,0x0000005298900000)]
  0x000001fd8288c3d0 JavaThread "Finalizer" daemon [_thread_blocked, id=15420, stack(0x0000005298900000,0x0000005298a00000)]
  0x000001fd828a6210 JavaThread "Signal Dispatcher" daemon [_thread_blocked, id=10928, stack(0x0000005298a00000,0x0000005298b00000)]
  0x000001fd828a6dd0 JavaThread "Attach Listener" daemon [_thread_blocked, id=15820, stack(0x0000005298b00000,0x0000005298c00000)]
  0x000001fd828a97a0 JavaThread "Service Thread" daemon [_thread_blocked, id=2336, stack(0x0000005298c00000,0x0000005298d00000)]
  0x000001fd828ac170 JavaThread "Monitor Deflation Thread" daemon [_thread_blocked, id=4104, stack(0x0000005298d00000,0x0000005298e00000)]
  0x000001fd828adf20 JavaThread "C2 CompilerThread0" daemon [_thread_in_native, id=17048, stack(0x0000005298e00000,0x0000005298f00000)]
  0x000001fd828b1ed0 JavaThread "C1 CompilerThread0" daemon [_thread_in_native, id=8016, stack(0x0000005298f00000,0x0000005299000000)]
  0x000001fd828ba8e0 JavaThread "Sweeper thread" daemon [_thread_blocked, id=14380, stack(0x0000005299000000,0x0000005299100000)]
  0x000001fdc4196170 JavaThread "Notification Thread" daemon [_thread_blocked, id=10448, stack(0x0000005299100000,0x0000005299200000)]
  0x000001fdc419a030 JavaThread "Common-Cleaner" daemon [_thread_blocked, id=3356, stack(0x0000005299300000,0x0000005299400000)]
  0x000001fdc41fd320 JavaThread "C2 CompilerThread1" daemon [_thread_in_native, id=12264, stack(0x0000005299400000,0x0000005299500000)]
=>0x000001fdc4bb3880 JavaThread "C2 CompilerThread2" daemon [_thread_in_native, id=12648, stack(0x0000005299500000,0x0000005299600000)]
  0x000001fdc4b92eb0 JavaThread "background-preinit" [_thread_in_Java, id=8804, stack(0x0000005299b00000,0x0000005299c00000)]

Other Threads:
  0x000001fd82886940 VMThread "VM Thread" [stack: 0x0000005298700000,0x0000005298800000] [id=8088]
  0x000001fdddb0a4d0 WatcherThread [stack: 0x0000005299200000,0x0000005299300000] [id=17100]
  0x000001fdddadde10 GCTaskThread "GC Thread#0" [stack: 0x0000005298200000,0x0000005298300000] [id=1356]
  0x000001fdc4a73d30 GCTaskThread "GC Thread#1" [stack: 0x0000005299600000,0x0000005299700000] [id=10908]
  0x000001fdc4a73ff0 GCTaskThread "GC Thread#2" [stack: 0x0000005299700000,0x0000005299800000] [id=7016]
  0x000001fdc4a74cd0 GCTaskThread "GC Thread#3" [stack: 0x0000005299800000,0x0000005299900000] [id=14420]
  0x000001fdc4a74f90 GCTaskThread "GC Thread#4" [stack: 0x0000005299900000,0x0000005299a00000] [id=17168]
  0x000001fdc4bd4c90 GCTaskThread "GC Thread#5" [stack: 0x0000005299a00000,0x0000005299b00000] [id=1368]
  0x000001fdddaee9e0 ConcurrentGCThread "G1 Main Marker" [stack: 0x0000005298300000,0x0000005298400000] [id=15232]
  0x000001fdddaefc30 ConcurrentGCThread "G1 Conc#0" [stack: 0x0000005298400000,0x0000005298500000] [id=2404]
  0x000001fd827bd830 ConcurrentGCThread "G1 Refine#0" [stack: 0x0000005298500000,0x0000005298600000] [id=13856]
  0x000001fd827be170 ConcurrentGCThread "G1 Service" [stack: 0x0000005298600000,0x0000005298700000] [id=7120]

Threads with active compile tasks:
C2 CompilerThread0      507 1511   !   4       java.lang.ref.ReferenceQueue::poll (28 bytes)
C1 CompilerThread0      507 1517       3       sun.util.locale.StringTokenIterator::nextDelimiter (116 bytes)
C2 CompilerThread1      507 1480       4       java.util.HashMap::put (13 bytes)
C2 CompilerThread2      507 1445   !   4       java.net.URL::<init> (543 bytes)

VM state: not at safepoint (normal execution)

VM Mutex/Monitor currently owned by a thread:  ([mutex/lock_event])
[0x000001fddda6f1e0] Compile_lock - owner thread: 0x000001fdc41fd320
[0x000001fddda6e8e0] MethodCompileQueue_lock - owner thread: 0x000001fdc4b92eb0

Heap address: 0x0000000703800000, size: 4040 MB, Compressed Oops mode: Zero based, Oop shift amount: 3

CDS archive(s) mapped at: [0x000001fd83000000-0x000001fd83bd0000-0x000001fd83bd0000), size 12386304, SharedBaseAddress: 0x000001fd83000000, ArchiveRelocationMode: 1.
Compressed class space mapped at: 0x000001fd84000000-0x000001fdc4000000, reserved size: 1073741824
Narrow klass base: 0x000001fd83000000, Narrow klass shift: 0, Narrow klass range: 0x100000000

GC Precious Log:
 CPUs: 12 total, 12 available
 Memory: 16155M
 Large Page Support: Disabled
 NUMA Support: Disabled
 Compressed Oops: Enabled (Zero based)
 Heap Region Size: 2M
 Heap Min Capacity: 8M
 Heap Initial Capacity: 254M
 Heap Max Capacity: 4040M
 Pre-touch: Disabled
 Parallel Workers: 10
 Concurrent Workers: 3
 Concurrent Refinement Workers: 10
 Periodic GC: Disabled

Heap:
 garbage-first heap   total 260096K, used 22701K [0x0000000703800000, 0x0000000800000000)
  region size 2048K, 12 young (24576K), 2 survivors (4096K)
 Metaspace       used 10452K, committed 10688K, reserved 1114112K
  class space    used 1269K, committed 1408K, reserved 1048576K

Heap Regions: E=young(eden), S=young(survivor), O=old, HS=humongous(starts), HC=humongous(continues), CS=collection set, F=free, OA=open archive, CA=closed archive, TAMS=top-at-mark-start (previous, next)
|   0|0x0000000703800000, 0x0000000703a00000, 0x0000000703a00000|100%| O|  |TAMS 0x0000000703800000, 0x0000000703800000| Untracked 
|   1|0x0000000703a00000, 0x0000000703a2b600, 0x0000000703c00000|  8%| O|  |TAMS 0x0000000703a00000, 0x0000000703a00000| Untracked 
|   2|0x0000000703c00000, 0x0000000703c00000, 0x0000000703e00000|  0%| F|  |TAMS 0x0000000703c00000, 0x0000000703c00000| Untracked 
|   3|0x0000000703e00000, 0x0000000703e00000, 0x0000000704000000|  0%| F|  |TAMS 0x0000000703e00000, 0x0000000703e00000| Untracked 
|   4|0x0000000704000000, 0x0000000704000000, 0x0000000704200000|  0%| F|  |TAMS 0x0000000704000000, 0x0000000704000000| Untracked 
|   5|0x0000000704200000, 0x0000000704200000, 0x0000000704400000|  0%| F|  |TAMS 0x0000000704200000, 0x0000000704200000| Untracked 
|   6|0x0000000704400000, 0x0000000704400000, 0x0000000704600000|  0%| F|  |TAMS 0x0000000704400000, 0x0000000704400000| Untracked 
|   7|0x0000000704600000, 0x0000000704600000, 0x0000000704800000|  0%| F|  |TAMS 0x0000000704600000, 0x0000000704600000| Untracked 
|   8|0x0000000704800000, 0x0000000704800000, 0x0000000704a00000|  0%| F|  |TAMS 0x0000000704800000, 0x0000000704800000| Untracked 
|   9|0x0000000704a00000, 0x0000000704a00000, 0x0000000704c00000|  0%| F|  |TAMS 0x0000000704a00000, 0x0000000704a00000| Untracked 
|  10|0x0000000704c00000, 0x0000000704c00000, 0x0000000704e00000|  0%| F|  |TAMS 0x0000000704c00000, 0x0000000704c00000| Untracked 
|  11|0x0000000704e00000, 0x0000000704e00000, 0x0000000705000000|  0%| F|  |TAMS 0x0000000704e00000, 0x0000000704e00000| Untracked 
|  12|0x0000000705000000, 0x0000000705000000, 0x0000000705200000|  0%| F|  |TAMS 0x0000000705000000, 0x0000000705000000| Untracked 
|  13|0x0000000705200000, 0x0000000705200000, 0x0000000705400000|  0%| F|  |TAMS 0x0000000705200000, 0x0000000705200000| Untracked 
|  14|0x0000000705400000, 0x0000000705400000, 0x0000000705600000|  0%| F|  |TAMS 0x0000000705400000, 0x0000000705400000| Untracked 
|  15|0x0000000705600000, 0x0000000705600000, 0x0000000705800000|  0%| F|  |TAMS 0x0000000705600000, 0x0000000705600000| Untracked 
|  16|0x0000000705800000, 0x0000000705800000, 0x0000000705a00000|  0%| F|  |TAMS 0x0000000705800000, 0x0000000705800000| Untracked 
|  17|0x0000000705a00000, 0x0000000705a00000, 0x0000000705c00000|  0%| F|  |TAMS 0x0000000705a00000, 0x0000000705a00000| Untracked 
|  18|0x0000000705c00000, 0x0000000705c00000, 0x0000000705e00000|  0%| F|  |TAMS 0x0000000705c00000, 0x0000000705c00000| Untracked 
|  19|0x0000000705e00000, 0x0000000705e00000, 0x0000000706000000|  0%| F|  |TAMS 0x0000000705e00000, 0x0000000705e00000| Untracked 
|  20|0x0000000706000000, 0x0000000706000000, 0x0000000706200000|  0%| F|  |TAMS 0x0000000706000000, 0x0000000706000000| Untracked 
|  21|0x0000000706200000, 0x0000000706200000, 0x0000000706400000|  0%| F|  |TAMS 0x0000000706200000, 0x0000000706200000| Untracked 
|  22|0x0000000706400000, 0x0000000706400000, 0x0000000706600000|  0%| F|  |TAMS 0x0000000706400000, 0x0000000706400000| Untracked 
|  23|0x0000000706600000, 0x0000000706600000, 0x0000000706800000|  0%| F|  |TAMS 0x0000000706600000, 0x0000000706600000| Untracked 
|  24|0x0000000706800000, 0x0000000706800000, 0x0000000706a00000|  0%| F|  |TAMS 0x0000000706800000, 0x0000000706800000| Untracked 
|  25|0x0000000706a00000, 0x0000000706a00000, 0x0000000706c00000|  0%| F|  |TAMS 0x0000000706a00000, 0x0000000706a00000| Untracked 
|  26|0x0000000706c00000, 0x0000000706c00000, 0x0000000706e00000|  0%| F|  |TAMS 0x0000000706c00000, 0x0000000706c00000| Untracked 
|  27|0x0000000706e00000, 0x0000000706e00000, 0x0000000707000000|  0%| F|  |TAMS 0x0000000706e00000, 0x0000000706e00000| Untracked 
|  28|0x0000000707000000, 0x0000000707000000, 0x0000000707200000|  0%| F|  |TAMS 0x0000000707000000, 0x0000000707000000| Untracked 
|  29|0x0000000707200000, 0x0000000707200000, 0x0000000707400000|  0%| F|  |TAMS 0x0000000707200000, 0x0000000707200000| Untracked 
|  30|0x0000000707400000, 0x0000000707400000, 0x0000000707600000|  0%| F|  |TAMS 0x0000000707400000, 0x0000000707400000| Untracked 
|  31|0x0000000707600000, 0x0000000707600000, 0x0000000707800000|  0%| F|  |TAMS 0x0000000707600000, 0x0000000707600000| Untracked 
|  32|0x0000000707800000, 0x0000000707800000, 0x0000000707a00000|  0%| F|  |TAMS 0x0000000707800000, 0x0000000707800000| Untracked 
|  33|0x0000000707a00000, 0x0000000707a00000, 0x0000000707c00000|  0%| F|  |TAMS 0x0000000707a00000, 0x0000000707a00000| Untracked 
|  34|0x0000000707c00000, 0x0000000707c00000, 0x0000000707e00000|  0%| F|  |TAMS 0x0000000707c00000, 0x0000000707c00000| Untracked 
|  35|0x0000000707e00000, 0x0000000707e00000, 0x0000000708000000|  0%| F|  |TAMS 0x0000000707e00000, 0x0000000707e00000| Untracked 
|  36|0x0000000708000000, 0x0000000708000000, 0x0000000708200000|  0%| F|  |TAMS 0x0000000708000000, 0x0000000708000000| Untracked 
|  37|0x0000000708200000, 0x0000000708200000, 0x0000000708400000|  0%| F|  |TAMS 0x0000000708200000, 0x0000000708200000| Untracked 
|  38|0x0000000708400000, 0x0000000708400000, 0x0000000708600000|  0%| F|  |TAMS 0x0000000708400000, 0x0000000708400000| Untracked 
|  39|0x0000000708600000, 0x0000000708600000, 0x0000000708800000|  0%| F|  |TAMS 0x0000000708600000, 0x0000000708600000| Untracked 
|  40|0x0000000708800000, 0x0000000708800000, 0x0000000708a00000|  0%| F|  |TAMS 0x0000000708800000, 0x0000000708800000| Untracked 
|  41|0x0000000708a00000, 0x0000000708a00000, 0x0000000708c00000|  0%| F|  |TAMS 0x0000000708a00000, 0x0000000708a00000| Untracked 
|  42|0x0000000708c00000, 0x0000000708c00000, 0x0000000708e00000|  0%| F|  |TAMS 0x0000000708c00000, 0x0000000708c00000| Untracked 
|  43|0x0000000708e00000, 0x0000000708e00000, 0x0000000709000000|  0%| F|  |TAMS 0x0000000708e00000, 0x0000000708e00000| Untracked 
|  44|0x0000000709000000, 0x0000000709000000, 0x0000000709200000|  0%| F|  |TAMS 0x0000000709000000, 0x0000000709000000| Untracked 
|  45|0x0000000709200000, 0x0000000709200000, 0x0000000709400000|  0%| F|  |TAMS 0x0000000709200000, 0x0000000709200000| Untracked 
|  46|0x0000000709400000, 0x0000000709400000, 0x0000000709600000|  0%| F|  |TAMS 0x0000000709400000, 0x0000000709400000| Untracked 
|  47|0x0000000709600000, 0x0000000709600000, 0x0000000709800000|  0%| F|  |TAMS 0x0000000709600000, 0x0000000709600000| Untracked 
|  48|0x0000000709800000, 0x0000000709800000, 0x0000000709a00000|  0%| F|  |TAMS 0x0000000709800000, 0x0000000709800000| Untracked 
|  49|0x0000000709a00000, 0x0000000709a00000, 0x0000000709c00000|  0%| F|  |TAMS 0x0000000709a00000, 0x0000000709a00000| Untracked 
|  50|0x0000000709c00000, 0x0000000709c00000, 0x0000000709e00000|  0%| F|  |TAMS 0x0000000709c00000, 0x0000000709c00000| Untracked 
|  51|0x0000000709e00000, 0x0000000709e00000, 0x000000070a000000|  0%| F|  |TAMS 0x0000000709e00000, 0x0000000709e00000| Untracked 
|  52|0x000000070a000000, 0x000000070a000000, 0x000000070a200000|  0%| F|  |TAMS 0x000000070a000000, 0x000000070a000000| Untracked 
|  53|0x000000070a200000, 0x000000070a200000, 0x000000070a400000|  0%| F|  |TAMS 0x000000070a200000, 0x000000070a200000| Untracked 
|  54|0x000000070a400000, 0x000000070a400000, 0x000000070a600000|  0%| F|  |TAMS 0x000000070a400000, 0x000000070a400000| Untracked 
|  55|0x000000070a600000, 0x000000070a600000, 0x000000070a800000|  0%| F|  |TAMS 0x000000070a600000, 0x000000070a600000| Untracked 
|  56|0x000000070a800000, 0x000000070a800000, 0x000000070aa00000|  0%| F|  |TAMS 0x000000070a800000, 0x000000070a800000| Untracked 
|  57|0x000000070aa00000, 0x000000070aa00000, 0x000000070ac00000|  0%| F|  |TAMS 0x000000070aa00000, 0x000000070aa00000| Untracked 
|  58|0x000000070ac00000, 0x000000070ac00000, 0x000000070ae00000|  0%| F|  |TAMS 0x000000070ac00000, 0x000000070ac00000| Untracked 
|  59|0x000000070ae00000, 0x000000070ae00000, 0x000000070b000000|  0%| F|  |TAMS 0x000000070ae00000, 0x000000070ae00000| Untracked 
|  60|0x000000070b000000, 0x000000070b000000, 0x000000070b200000|  0%| F|  |TAMS 0x000000070b000000, 0x000000070b000000| Untracked 
|  61|0x000000070b200000, 0x000000070b200000, 0x000000070b400000|  0%| F|  |TAMS 0x000000070b200000, 0x000000070b200000| Untracked 
|  62|0x000000070b400000, 0x000000070b400000, 0x000000070b600000|  0%| F|  |TAMS 0x000000070b400000, 0x000000070b400000| Untracked 
|  63|0x000000070b600000, 0x000000070b600000, 0x000000070b800000|  0%| F|  |TAMS 0x000000070b600000, 0x000000070b600000| Untracked 
|  64|0x000000070b800000, 0x000000070b800000, 0x000000070ba00000|  0%| F|  |TAMS 0x000000070b800000, 0x000000070b800000| Untracked 
|  65|0x000000070ba00000, 0x000000070ba00000, 0x000000070bc00000|  0%| F|  |TAMS 0x000000070ba00000, 0x000000070ba00000| Untracked 
|  66|0x000000070bc00000, 0x000000070bc00000, 0x000000070be00000|  0%| F|  |TAMS 0x000000070bc00000, 0x000000070bc00000| Untracked 
|  67|0x000000070be00000, 0x000000070be00000, 0x000000070c000000|  0%| F|  |TAMS 0x000000070be00000, 0x000000070be00000| Untracked 
|  68|0x000000070c000000, 0x000000070c000000, 0x000000070c200000|  0%| F|  |TAMS 0x000000070c000000, 0x000000070c000000| Untracked 
|  69|0x000000070c200000, 0x000000070c200000, 0x000000070c400000|  0%| F|  |TAMS 0x000000070c200000, 0x000000070c200000| Untracked 
|  70|0x000000070c400000, 0x000000070c400000, 0x000000070c600000|  0%| F|  |TAMS 0x000000070c400000, 0x000000070c400000| Untracked 
|  71|0x000000070c600000, 0x000000070c600000, 0x000000070c800000|  0%| F|  |TAMS 0x000000070c600000, 0x000000070c600000| Untracked 
|  72|0x000000070c800000, 0x000000070c800000, 0x000000070ca00000|  0%| F|  |TAMS 0x000000070c800000, 0x000000070c800000| Untracked 
|  73|0x000000070ca00000, 0x000000070ca00000, 0x000000070cc00000|  0%| F|  |TAMS 0x000000070ca00000, 0x000000070ca00000| Untracked 
|  74|0x000000070cc00000, 0x000000070cc00000, 0x000000070ce00000|  0%| F|  |TAMS 0x000000070cc00000, 0x000000070cc00000| Untracked 
|  75|0x000000070ce00000, 0x000000070ce00000, 0x000000070d000000|  0%| F|  |TAMS 0x000000070ce00000, 0x000000070ce00000| Untracked 
|  76|0x000000070d000000, 0x000000070d000000, 0x000000070d200000|  0%| F|  |TAMS 0x000000070d000000, 0x000000070d000000| Untracked 
|  77|0x000000070d200000, 0x000000070d200000, 0x000000070d400000|  0%| F|  |TAMS 0x000000070d200000, 0x000000070d200000| Untracked 
|  78|0x000000070d400000, 0x000000070d400000, 0x000000070d600000|  0%| F|  |TAMS 0x000000070d400000, 0x000000070d400000| Untracked 
|  79|0x000000070d600000, 0x000000070d600000, 0x000000070d800000|  0%| F|  |TAMS 0x000000070d600000, 0x000000070d600000| Untracked 
|  80|0x000000070d800000, 0x000000070d800000, 0x000000070da00000|  0%| F|  |TAMS 0x000000070d800000, 0x000000070d800000| Untracked 
|  81|0x000000070da00000, 0x000000070da00000, 0x000000070dc00000|  0%| F|  |TAMS 0x000000070da00000, 0x000000070da00000| Untracked 
|  82|0x000000070dc00000, 0x000000070dc00000, 0x000000070de00000|  0%| F|  |TAMS 0x000000070dc00000, 0x000000070dc00000| Untracked 
|  83|0x000000070de00000, 0x000000070de00000, 0x000000070e000000|  0%| F|  |TAMS 0x000000070de00000, 0x000000070de00000| Untracked 
|  84|0x000000070e000000, 0x000000070e000000, 0x000000070e200000|  0%| F|  |TAMS 0x000000070e000000, 0x000000070e000000| Untracked 
|  85|0x000000070e200000, 0x000000070e200000, 0x000000070e400000|  0%| F|  |TAMS 0x000000070e200000, 0x000000070e200000| Untracked 
|  86|0x000000070e400000, 0x000000070e400000, 0x000000070e600000|  0%| F|  |TAMS 0x000000070e400000, 0x000000070e400000| Untracked 
|  87|0x000000070e600000, 0x000000070e600000, 0x000000070e800000|  0%| F|  |TAMS 0x000000070e600000, 0x000000070e600000| Untracked 
|  88|0x000000070e800000, 0x000000070e800000, 0x000000070ea00000|  0%| F|  |TAMS 0x000000070e800000, 0x000000070e800000| Untracked 
|  89|0x000000070ea00000, 0x000000070ea00000, 0x000000070ec00000|  0%| F|  |TAMS 0x000000070ea00000, 0x000000070ea00000| Untracked 
|  90|0x000000070ec00000, 0x000000070ec00000, 0x000000070ee00000|  0%| F|  |TAMS 0x000000070ec00000, 0x000000070ec00000| Untracked 
|  91|0x000000070ee00000, 0x000000070ee00000, 0x000000070f000000|  0%| F|  |TAMS 0x000000070ee00000, 0x000000070ee00000| Untracked 
|  92|0x000000070f000000, 0x000000070f000000, 0x000000070f200000|  0%| F|  |TAMS 0x000000070f000000, 0x000000070f000000| Untracked 
|  93|0x000000070f200000, 0x000000070f200000, 0x000000070f400000|  0%| F|  |TAMS 0x000000070f200000, 0x000000070f200000| Untracked 
|  94|0x000000070f400000, 0x000000070f400000, 0x000000070f600000|  0%| F|  |TAMS 0x000000070f400000, 0x000000070f400000| Untracked 
|  95|0x000000070f600000, 0x000000070f600000, 0x000000070f800000|  0%| F|  |TAMS 0x000000070f600000, 0x000000070f600000| Untracked 
|  96|0x000000070f800000, 0x000000070f800000, 0x000000070fa00000|  0%| F|  |TAMS 0x000000070f800000, 0x000000070f800000| Untracked 
|  97|0x000000070fa00000, 0x000000070fa00000, 0x000000070fc00000|  0%| F|  |TAMS 0x000000070fa00000, 0x000000070fa00000| Untracked 
|  98|0x000000070fc00000, 0x000000070fc00000, 0x000000070fe00000|  0%| F|  |TAMS 0x000000070fc00000, 0x000000070fc00000| Untracked 
|  99|0x000000070fe00000, 0x000000070fe00000, 0x0000000710000000|  0%| F|  |TAMS 0x000000070fe00000, 0x000000070fe00000| Untracked 
| 100|0x0000000710000000, 0x0000000710000000, 0x0000000710200000|  0%| F|  |TAMS 0x0000000710000000, 0x0000000710000000| Untracked 
| 101|0x0000000710200000, 0x0000000710200000, 0x0000000710400000|  0%| F|  |TAMS 0x0000000710200000, 0x0000000710200000| Untracked 
| 102|0x0000000710400000, 0x0000000710400000, 0x0000000710600000|  0%| F|  |TAMS 0x0000000710400000, 0x0000000710400000| Untracked 
| 103|0x0000000710600000, 0x0000000710600000, 0x0000000710800000|  0%| F|  |TAMS 0x0000000710600000, 0x0000000710600000| Untracked 
| 104|0x0000000710800000, 0x0000000710800000, 0x0000000710a00000|  0%| F|  |TAMS 0x0000000710800000, 0x0000000710800000| Untracked 
| 105|0x0000000710a00000, 0x0000000710a00000, 0x0000000710c00000|  0%| F|  |TAMS 0x0000000710a00000, 0x0000000710a00000| Untracked 
| 106|0x0000000710c00000, 0x0000000710c00000, 0x0000000710e00000|  0%| F|  |TAMS 0x0000000710c00000, 0x0000000710c00000| Untracked 
| 107|0x0000000710e00000, 0x0000000710e00000, 0x0000000711000000|  0%| F|  |TAMS 0x0000000710e00000, 0x0000000710e00000| Untracked 
| 108|0x0000000711000000, 0x0000000711000000, 0x0000000711200000|  0%| F|  |TAMS 0x0000000711000000, 0x0000000711000000| Untracked 
| 109|0x0000000711200000, 0x0000000711200000, 0x0000000711400000|  0%| F|  |TAMS 0x0000000711200000, 0x0000000711200000| Untracked 
| 110|0x0000000711400000, 0x0000000711400000, 0x0000000711600000|  0%| F|  |TAMS 0x0000000711400000, 0x0000000711400000| Untracked 
| 111|0x0000000711600000, 0x0000000711600000, 0x0000000711800000|  0%| F|  |TAMS 0x0000000711600000, 0x0000000711600000| Untracked 
| 112|0x0000000711800000, 0x0000000711800000, 0x0000000711a00000|  0%| F|  |TAMS 0x0000000711800000, 0x0000000711800000| Untracked 
| 113|0x0000000711a00000, 0x0000000711a00000, 0x0000000711c00000|  0%| F|  |TAMS 0x0000000711a00000, 0x0000000711a00000| Untracked 
| 114|0x0000000711c00000, 0x0000000711e00000, 0x0000000711e00000|100%| S|CS|TAMS 0x0000000711c00000, 0x0000000711c00000| Complete 
| 115|0x0000000711e00000, 0x0000000712000000, 0x0000000712000000|100%| S|CS|TAMS 0x0000000711e00000, 0x0000000711e00000| Complete 
| 116|0x0000000712000000, 0x000000071203df28, 0x0000000712200000| 12%| E|  |TAMS 0x0000000712000000, 0x0000000712000000| Complete 
| 117|0x0000000712200000, 0x0000000712400000, 0x0000000712400000|100%| E|CS|TAMS 0x0000000712200000, 0x0000000712200000| Complete 
| 118|0x0000000712400000, 0x0000000712600000, 0x0000000712600000|100%| E|CS|TAMS 0x0000000712400000, 0x0000000712400000| Complete 
| 119|0x0000000712600000, 0x0000000712800000, 0x0000000712800000|100%| E|CS|TAMS 0x0000000712600000, 0x0000000712600000| Complete 
| 120|0x0000000712800000, 0x0000000712a00000, 0x0000000712a00000|100%| E|  |TAMS 0x0000000712800000, 0x0000000712800000| Complete 
| 121|0x0000000712a00000, 0x0000000712c00000, 0x0000000712c00000|100%| E|CS|TAMS 0x0000000712a00000, 0x0000000712a00000| Complete 
| 122|0x0000000712c00000, 0x0000000712e00000, 0x0000000712e00000|100%| E|CS|TAMS 0x0000000712c00000, 0x0000000712c00000| Complete 
| 123|0x0000000712e00000, 0x0000000713000000, 0x0000000713000000|100%| E|CS|TAMS 0x0000000712e00000, 0x0000000712e00000| Complete 
| 124|0x0000000713000000, 0x0000000713200000, 0x0000000713200000|100%| E|CS|TAMS 0x0000000713000000, 0x0000000713000000| Complete 
| 125|0x0000000713200000, 0x0000000713400000, 0x0000000713400000|100%| E|CS|TAMS 0x0000000713200000, 0x0000000713200000| Complete 
| 126|0x0000000713400000, 0x0000000713600000, 0x0000000713600000|100%| E|CS|TAMS 0x0000000713400000, 0x0000000713400000| Complete 

Card table byte_map: [0x000001fdf71e0000,0x000001fdf79d0000] _byte_map_base: 0x000001fdf39c4000

Marking Bits (Prev, Next): (CMBitMap*) 0x000001fdddade430, (CMBitMap*) 0x000001fdddade470
 Prev Bits: [0x000001fdf81c0000, 0x000001fdfc0e0000)
 Next Bits: [0x000001fdfc0e0000, 0x000001fe00000000)

Polling page: 0x000001fde6d20000

Metaspace:

Usage:
  Non-class:      9.04 MB used.
      Class:      1.25 MB used.
       Both:     10.29 MB used.

Virtual space:
  Non-class space:       64.00 MB reserved,       9.19 MB ( 14%) committed,  1 nodes.
      Class space:        1.00 GB reserved,       1.38 MB ( <1%) committed,  1 nodes.
             Both:        1.06 GB reserved,      10.56 MB ( <1%) committed. 

Chunk freelists:
   Non-Class:  5.98 MB
       Class:  14.64 MB
        Both:  20.62 MB

MaxMetaspaceSize: unlimited
CompressedClassSpaceSize: 1.00 GB
Initial GC threshold: 21.00 MB
Current GC threshold: 21.00 MB
CDS: on
MetaspaceReclaimPolicy: balanced
 - commit_granule_bytes: 65536.
 - commit_granule_words: 8192.
 - virtual_space_node_default_size: 8388608.
 - enlarge_chunks_in_place: 1.
 - new_chunks_are_fully_committed: 0.
 - uncommit_free_chunks: 1.
 - use_allocation_guard: 0.
 - handle_deallocations: 1.


Internal statistics:

num_allocs_failed_limit: 0.
num_arena_births: 180.
num_arena_deaths: 0.
num_vsnodes_births: 2.
num_vsnodes_deaths: 0.
num_space_committed: 169.
num_space_uncommitted: 0.
num_chunks_returned_to_freelist: 0.
num_chunks_taken_from_freelist: 504.
num_chunk_merges: 0.
num_chunk_splits: 340.
num_chunks_enlarged: 262.
num_inconsistent_stats: 0.

CodeHeap 'non-profiled nmethods': size=120000Kb used=600Kb max_used=600Kb free=119400Kb
 bounds [0x000001fdee810000, 0x000001fdeea80000, 0x000001fdf5d40000]
CodeHeap 'profiled nmethods': size=120000Kb used=2753Kb max_used=2753Kb free=117246Kb
 bounds [0x000001fde6d40000, 0x000001fde7000000, 0x000001fdee270000]
CodeHeap 'non-nmethods': size=5760Kb used=1178Kb max_used=1199Kb free=4581Kb
 bounds [0x000001fdee270000, 0x000001fdee4e0000, 0x000001fdee810000]
 total_blobs=1999 nmethods=1530 adapters=381
 compilation: enabled
              stopped_count=0, restarted_count=0
 full_count=0

Compilation events (20 events):
Event: 0.464 Thread 0x000001fd828b1ed0 nmethod 1442 0x000001fde6fc0410 code [0x000001fde6fc05e0, 0x000001fde6fc0918]
Event: 0.464 Thread 0x000001fd828b1ed0 1443       3       jdk.internal.org.objectweb.asm.FieldWriter::visitEnd (1 bytes)
Event: 0.464 Thread 0x000001fd828b1ed0 nmethod 1443 0x000001fde6fc0a90 code [0x000001fde6fc0c20, 0x000001fde6fc0d38]
Event: 0.464 Thread 0x000001fdc4bb3880 nmethod 1436 0x000001fdee898610 code [0x000001fdee8987a0, 0x000001fdee898a78]
Event: 0.466 Thread 0x000001fdc4bb3880 1444       4       sun.net.util.IPAddressUtil::checkHostString (53 bytes)
Event: 0.467 Thread 0x000001fdc4bb3880 nmethod 1444 0x000001fdee898c10 code [0x000001fdee898d80, 0x000001fdee898e18]
Event: 0.469 Thread 0x000001fdc4bb3880 1445   !   4       java.net.URL::<init> (543 bytes)
Event: 0.470 Thread 0x000001fdc41fd320 1446       4       java.net.URLStreamHandler::setURL (73 bytes)
Event: 0.479 Thread 0x000001fdc41fd320 nmethod 1446 0x000001fdee898f90 code [0x000001fdee899140, 0x000001fdee899ce8]
Event: 0.479 Thread 0x000001fdc41fd320 1447       4       java.util.zip.ZipFile$Source::getEntryPos (9 bytes)
Event: 0.479 Thread 0x000001fd828b1ed0 1448       1       java.lang.ClassLoader::getUnnamedModule (5 bytes)
Event: 0.479 Thread 0x000001fdc41fd320 nmethod 1447 0x000001fdee89a110 code [0x000001fdee89a280, 0x000001fdee89a338]
Event: 0.479 Thread 0x000001fd828b1ed0 nmethod 1448 0x000001fdee89a410 code [0x000001fdee89a5a0, 0x000001fdee89a678]
Event: 0.480 Thread 0x000001fd828b1ed0 1449       3       java.nio.file.attribute.FileTime::from (18 bytes)
Event: 0.480 Thread 0x000001fd828b1ed0 nmethod 1449 0x000001fde6fc0e10 code [0x000001fde6fc0fe0, 0x000001fde6fc13c8]
Event: 0.480 Thread 0x000001fd828b1ed0 1450       3       java.nio.file.attribute.FileTime::<init> (21 bytes)
Event: 0.480 Thread 0x000001fd828b1ed0 nmethod 1450 0x000001fde6fc1590 code [0x000001fde6fc1740, 0x000001fde6fc1978]
Event: 0.489 Thread 0x000001fd828b1ed0 1451   !   3       sun.reflect.generics.factory.CoreReflectionFactory::makeNamedType (21 bytes)
Event: 0.489 Thread 0x000001fd828b1ed0 nmethod 1451 0x000001fde6fc1a10 code [0x000001fde6fc1be0, 0x000001fde6fc1e68]
Event: 0.489 Thread 0x000001fd828b1ed0 1452       3       sun.reflect.generics.factory.CoreReflectionFactory::getDeclsLoader (85 bytes)

GC Heap History (2 events):
Event: 0.342 GC heap before
{Heap before GC invocations=0 (full 0):
 garbage-first heap   total 260096K, used 22528K [0x0000000703800000, 0x0000000800000000)
  region size 2048K, 11 young (22528K), 0 survivors (0K)
 Metaspace       used 5680K, committed 5888K, reserved 1114112K
  class space    used 676K, committed 768K, reserved 1048576K
}
Event: 0.345 GC heap after
{Heap after GC invocations=1 (full 0):
 garbage-first heap   total 260096K, used 6317K [0x0000000703800000, 0x0000000800000000)
  region size 2048K, 2 young (4096K), 2 survivors (4096K)
 Metaspace       used 5680K, committed 5888K, reserved 1114112K
  class space    used 676K, committed 768K, reserved 1048576K
}

Dll operation events (6 events):
Event: 0.004 Loaded shared library C:\Program Files\Amazon Corretto\jdk17.0.8_8\bin\java.dll
Event: 0.016 Loaded shared library C:\Program Files\Amazon Corretto\jdk17.0.8_8\bin\jsvml.dll
Event: 0.055 Loaded shared library C:\Program Files\Amazon Corretto\jdk17.0.8_8\bin\net.dll
Event: 0.056 Loaded shared library C:\Program Files\Amazon Corretto\jdk17.0.8_8\bin\nio.dll
Event: 0.058 Loaded shared library C:\Program Files\Amazon Corretto\jdk17.0.8_8\bin\zip.dll
Event: 0.115 Loaded shared library C:\Program Files\Amazon Corretto\jdk17.0.8_8\bin\jimage.dll

Deoptimization events (20 events):
Event: 0.202 Thread 0x000001fddda72ff0 DEOPT PACKING pc=0x000001fde6d6757e sp=0x00000052981fdad0
Event: 0.202 Thread 0x000001fddda72ff0 DEOPT UNPACKING pc=0x000001fdee2c7143 sp=0x00000052981fcf40 mode 0
Event: 0.256 Thread 0x000001fddda72ff0 DEOPT PACKING pc=0x000001fde6d64d18 sp=0x00000052981fd880
Event: 0.256 Thread 0x000001fddda72ff0 DEOPT UNPACKING pc=0x000001fdee2c7143 sp=0x00000052981fcd88 mode 0
Event: 0.410 Thread 0x000001fddda72ff0 Uncommon trap: trap_request=0xffffffde fr.pc=0x000001fdee88df34 relative=0x0000000000000114
Event: 0.410 Thread 0x000001fddda72ff0 Uncommon trap: reason=class_check action=maybe_recompile pc=0x000001fdee88df34 method=jdk.internal.misc.Unsafe.allocateUninitializedArray(Ljava/lang/Class;I)Ljava/lang/Object; @ 51 c2
Event: 0.410 Thread 0x000001fddda72ff0 DEOPT PACKING pc=0x000001fdee88df34 sp=0x00000052981fe070
Event: 0.410 Thread 0x000001fddda72ff0 DEOPT UNPACKING pc=0x000001fdee2c69a3 sp=0x00000052981fdff8 mode 2
Event: 0.410 Thread 0x000001fddda72ff0 Uncommon trap: trap_request=0xffffffde fr.pc=0x000001fdee88df34 relative=0x0000000000000114
Event: 0.410 Thread 0x000001fddda72ff0 Uncommon trap: reason=class_check action=maybe_recompile pc=0x000001fdee88df34 method=jdk.internal.misc.Unsafe.allocateUninitializedArray(Ljava/lang/Class;I)Ljava/lang/Object; @ 51 c2
Event: 0.410 Thread 0x000001fddda72ff0 DEOPT PACKING pc=0x000001fdee88df34 sp=0x00000052981fe070
Event: 0.410 Thread 0x000001fddda72ff0 DEOPT UNPACKING pc=0x000001fdee2c69a3 sp=0x00000052981fdff8 mode 2
Event: 0.410 Thread 0x000001fddda72ff0 Uncommon trap: trap_request=0xffffffde fr.pc=0x000001fdee88df34 relative=0x0000000000000114
Event: 0.410 Thread 0x000001fddda72ff0 Uncommon trap: reason=class_check action=maybe_recompile pc=0x000001fdee88df34 method=jdk.internal.misc.Unsafe.allocateUninitializedArray(Ljava/lang/Class;I)Ljava/lang/Object; @ 51 c2
Event: 0.410 Thread 0x000001fddda72ff0 DEOPT PACKING pc=0x000001fdee88df34 sp=0x00000052981fe070
Event: 0.410 Thread 0x000001fddda72ff0 DEOPT UNPACKING pc=0x000001fdee2c69a3 sp=0x00000052981fdff8 mode 2
Event: 0.411 Thread 0x000001fddda72ff0 Uncommon trap: trap_request=0xffffffde fr.pc=0x000001fdee88df34 relative=0x0000000000000114
Event: 0.411 Thread 0x000001fddda72ff0 Uncommon trap: reason=class_check action=maybe_recompile pc=0x000001fdee88df34 method=jdk.internal.misc.Unsafe.allocateUninitializedArray(Ljava/lang/Class;I)Ljava/lang/Object; @ 51 c2
Event: 0.411 Thread 0x000001fddda72ff0 DEOPT PACKING pc=0x000001fdee88df34 sp=0x00000052981fe070
Event: 0.411 Thread 0x000001fddda72ff0 DEOPT UNPACKING pc=0x000001fdee2c69a3 sp=0x00000052981fdff8 mode 2

Classes unloaded (0 events):
No events

Classes redefined (0 events):
No events

Internal exceptions (20 events):
Event: 0.363 Thread 0x000001fddda72ff0 Exception <a 'java/lang/NoSuchMethodError'{0x00000007135cea38}: 'java.lang.Object java.lang.invoke.DirectMethodHandle$Holder.invokeSpecial(java.lang.Object, java.lang.Object, java.lang.Object, java.lang.Object, java.lang.Object, java.lang.Object, java.lang.Object, int)'> (0x00000007135cea38) 
thrown [s\src\hotspot\share\interpreter\linkResolver.cpp, line 759]
Event: 0.378 Thread 0x000001fddda72ff0 Exception <a 'java/lang/NoSuchMethodError'{0x0000000713309a18}: 'int java.lang.invoke.DirectMethodHandle$Holder.invokeInterface(java.lang.Object, java.lang.Object)'> (0x0000000713309a18) 
thrown [s\src\hotspot\share\interpreter\linkResolver.cpp, line 759]
Event: 0.396 Thread 0x000001fddda72ff0 Exception <a 'java/lang/NoSuchMethodError'{0x000000071303af58}: 'java.lang.Object java.lang.invoke.DirectMethodHandle$Holder.invokeSpecial(java.lang.Object, java.lang.Object, java.lang.Object, int, java.lang.Object)'> (0x000000071303af58) 
thrown [s\src\hotspot\share\interpreter\linkResolver.cpp, line 759]
Event: 0.396 Thread 0x000001fddda72ff0 Exception <a 'java/lang/NoSuchMethodError'{0x00000007130435b8}: 'java.lang.Object java.lang.invoke.DirectMethodHandle$Holder.newInvokeSpecial(java.lang.Object, java.lang.Object, java.lang.Object, int, java.lang.Object)'> (0x00000007130435b8) 
thrown [s\src\hotspot\share\interpreter\linkResolver.cpp, line 759]
Event: 0.396 Thread 0x000001fddda72ff0 Exception <a 'java/lang/NoSuchMethodError'{0x000000071304af88}: 'java.lang.Object java.lang.invoke.Invokers$Holder.linkToTargetMethod(java.lang.Object, java.lang.Object, int, java.lang.Object, java.lang.Object)'> (0x000000071304af88) 
thrown [s\src\hotspot\share\interpreter\linkResolver.cpp, line 759]
Event: 0.397 Thread 0x000001fddda72ff0 Exception <a 'java/lang/NoSuchMethodError'{0x000000071305a6d0}: 'java.lang.Object java.lang.invoke.DirectMethodHandle$Holder.newInvokeSpecial(java.lang.Object, int, java.lang.Object)'> (0x000000071305a6d0) 
thrown [s\src\hotspot\share\interpreter\linkResolver.cpp, line 759]
Event: 0.397 Thread 0x000001fddda72ff0 Exception <a 'java/lang/NoSuchMethodError'{0x000000071305f3b0}: 'int java.lang.invoke.DirectMethodHandle$Holder.invokeSpecialIFC(java.lang.Object, java.lang.Object, java.lang.Object, java.lang.Object)'> (0x000000071305f3b0) 
thrown [s\src\hotspot\share\interpreter\linkResolver.cpp, line 759]
Event: 0.406 Thread 0x000001fddda72ff0 Exception <a 'java/lang/NoSuchMethodError'{0x000000071312f928}: 'void java.lang.invoke.DirectMethodHandle$Holder.invokeInterface(java.lang.Object, java.lang.Object, java.lang.Object)'> (0x000000071312f928) 
thrown [s\src\hotspot\share\interpreter\linkResolver.cpp, line 759]
Event: 0.414 Thread 0x000001fddda72ff0 Exception <a 'java/lang/NoSuchMethodError'{0x00000007131a7760}: 'void java.lang.invoke.DirectMethodHandle$Holder.invokeStatic(java.lang.Object, java.lang.Object)'> (0x00000007131a7760) 
thrown [s\src\hotspot\share\interpreter\linkResolver.cpp, line 759]
Event: 0.414 Thread 0x000001fddda72ff0 Exception <a 'java/lang/NoSuchMethodError'{0x00000007131aaf60}: 'void java.lang.invoke.DirectMethodHandle$Holder.invokeStaticInit(java.lang.Object, java.lang.Object)'> (0x00000007131aaf60) 
thrown [s\src\hotspot\share\interpreter\linkResolver.cpp, line 759]
Event: 0.415 Thread 0x000001fddda72ff0 Exception <a 'java/lang/NoSuchMethodError'{0x00000007131b8910}: 'void java.lang.invoke.DirectMethodHandle$Holder.invokeStaticInit(java.lang.Object, java.lang.Object, java.lang.Object)'> (0x00000007131b8910) 
thrown [s\src\hotspot\share\interpreter\linkResolver.cpp, line 759]
Event: 0.418 Thread 0x000001fddda72ff0 Exception <a 'java/lang/NoSuchMethodError'{0x00000007131f6970}: 'java.lang.Object java.lang.invoke.DirectMethodHandle$Holder.invokeStatic(java.lang.Object, java.lang.Object, long, java.lang.Object)'> (0x00000007131f6970) 
thrown [s\src\hotspot\share\interpreter\linkResolver.cpp, line 759]
Event: 0.418 Thread 0x000001fddda72ff0 Exception <a 'java/lang/NoSuchMethodError'{0x00000007131fa408}: 'java.lang.Object java.lang.invoke.DirectMethodHandle$Holder.invokeStaticInit(java.lang.Object, java.lang.Object, long, java.lang.Object)'> (0x00000007131fa408) 
thrown [s\src\hotspot\share\interpreter\linkResolver.cpp, line 759]
Event: 0.418 Thread 0x000001fddda72ff0 Exception <a 'java/lang/NoSuchMethodError'{0x0000000712e01198}: 'java.lang.Object java.lang.invoke.DirectMethodHandle$Holder.newInvokeSpecial(java.lang.Object, java.lang.Object, long)'> (0x0000000712e01198) 
thrown [s\src\hotspot\share\interpreter\linkResolver.cpp, line 759]
Event: 0.418 Thread 0x000001fddda72ff0 Exception <a 'java/lang/NoSuchMethodError'{0x0000000712e04d08}: 'java.lang.Object java.lang.invoke.Invokers$Holder.linkToTargetMethod(java.lang.Object, long, java.lang.Object)'> (0x0000000712e04d08) 
thrown [s\src\hotspot\share\interpreter\linkResolver.cpp, line 759]
Event: 0.424 Thread 0x000001fddda72ff0 Exception <a 'java/lang/NoSuchMethodError'{0x0000000712e597f0}: 'void java.lang.invoke.DirectMethodHandle$Holder.invokeVirtual(java.lang.Object, java.lang.Object, java.lang.Object, java.lang.Object)'> (0x0000000712e597f0) 
thrown [s\src\hotspot\share\interpreter\linkResolver.cpp, line 759]
Event: 0.443 Thread 0x000001fddda72ff0 Exception <a 'java/lang/NoSuchMethodError'{0x0000000712fffaf0}: 'void java.lang.invoke.DirectMethodHandle$Holder.invokeSpecial(java.lang.Object, java.lang.Object, java.lang.Object)'> (0x0000000712fffaf0) 
thrown [s\src\hotspot\share\interpreter\linkResolver.cpp, line 759]
Event: 0.443 Thread 0x000001fddda72ff0 Exception <a 'java/lang/NoSuchMethodError'{0x0000000712c094d0}: 'void java.lang.invoke.DirectMethodHandle$Holder.invokeSpecial(java.lang.Object, java.lang.Object, java.lang.Object, java.lang.Object, java.lang.Object)'> (0x0000000712c094d0) 
thrown [s\src\hotspot\share\interpreter\linkResolver.cpp, line 759]
Event: 0.446 Thread 0x000001fddda72ff0 Exception <a 'java/lang/IncompatibleClassChangeError'{0x0000000712c36c18}: Found class java.lang.Object, but interface was expected> (0x0000000712c36c18) 
thrown [s\src\hotspot\share\interpreter\linkResolver.cpp, line 826]
Event: 0.446 Thread 0x000001fdc4b92eb0 Exception <a 'java/lang/NoClassDefFoundError'{0x0000000712c90978}: jakarta/validation/Validation> (0x0000000712c90978) 
thrown [s\src\hotspot\share\classfile\systemDictionary.cpp, line 245]

VM Operations (16 events):
Event: 0.069 Executing VM operation: HandshakeAllThreads
Event: 0.069 Executing VM operation: HandshakeAllThreads done
Event: 0.117 Executing VM operation: HandshakeAllThreads
Event: 0.117 Executing VM operation: HandshakeAllThreads done
Event: 0.170 Executing VM operation: HandshakeAllThreads
Event: 0.170 Executing VM operation: HandshakeAllThreads done
Event: 0.180 Executing VM operation: HandshakeAllThreads
Event: 0.180 Executing VM operation: HandshakeAllThreads done
Event: 0.285 Executing VM operation: HandshakeAllThreads
Event: 0.285 Executing VM operation: HandshakeAllThreads done
Event: 0.342 Executing VM operation: G1CollectForAllocation
Event: 0.345 Executing VM operation: G1CollectForAllocation done
Event: 0.384 Executing VM operation: HandshakeAllThreads
Event: 0.385 Executing VM operation: HandshakeAllThreads done
Event: 0.441 Executing VM operation: HandshakeAllThreads
Event: 0.441 Executing VM operation: HandshakeAllThreads done

Events (20 events):
Event: 0.463 loading class com/sun/org/apache/xalan/internal/utils/FeaturePropertyBase$State
Event: 0.464 loading class com/sun/org/apache/xalan/internal/utils/FeaturePropertyBase$State done
Event: 0.464 loading class com/sun/org/apache/xalan/internal/utils/XMLSecurityPropertyManager$Property
Event: 0.464 loading class com/sun/org/apache/xalan/internal/utils/XMLSecurityPropertyManager$Property done
Event: 0.464 loading class jdk/xml/internal/XMLSecurityManager
Event: 0.464 loading class jdk/xml/internal/XMLSecurityManager done
Event: 0.464 loading class jdk/xml/internal/XMLSecurityManager$Limit
Event: 0.464 loading class jdk/xml/internal/XMLSecurityManager$Limit done
Event: 0.464 loading class jdk/xml/internal/XMLSecurityManager$Processor
Event: 0.464 loading class jdk/xml/internal/XMLSecurityManager$Processor done
Event: 0.464 loading class jdk/xml/internal/XMLSecurityManager$NameMap
Event: 0.464 loading class jdk/xml/internal/XMLSecurityManager$NameMap done
Event: 0.464 loading class jdk/xml/internal/JdkProperty
Event: 0.464 loading class jdk/xml/internal/JdkProperty done
Event: 0.472 loading class java/io/NotSerializableException
Event: 0.472 loading class java/io/ObjectStreamException
Event: 0.472 loading class java/io/ObjectStreamException done
Event: 0.472 loading class java/io/NotSerializableException done
Event: 0.481 loading class java/lang/CloneNotSupportedException
Event: 0.481 loading class java/lang/CloneNotSupportedException done


Dynamic libraries:
0x00007ff6a38c0000 - 0x00007ff6a38cd000 	C:\Program Files\Amazon Corretto\jdk17.0.8_8\bin\java.exe
0x00007ff9343b0000 - 0x00007ff9345a7000 	C:\Windows\SYSTEM32\ntdll.dll
0x00007ff932d00000 - 0x00007ff932dbd000 	C:\Windows\System32\KERNEL32.DLL
0x00007ff931bc0000 - 0x00007ff931eb6000 	C:\Windows\System32\KERNELBASE.dll
0x00007ff932160000 - 0x00007ff932260000 	C:\Windows\System32\ucrtbase.dll
0x00007ff906430000 - 0x00007ff906445000 	C:\Program Files\Amazon Corretto\jdk17.0.8_8\bin\VCRUNTIME140.dll
0x00007ff901aa0000 - 0x00007ff901ab7000 	C:\Program Files\Amazon Corretto\jdk17.0.8_8\bin\jli.dll
0x00007ff933a20000 - 0x00007ff933bbe000 	C:\Windows\System32\USER32.dll
0x00007ff931b90000 - 0x00007ff931bb2000 	C:\Windows\System32\win32u.dll
0x00007ff916790000 - 0x00007ff916a2a000 	C:\Windows\WinSxS\amd64_microsoft.windows.common-controls_6595b64144ccf1df_6.0.19041.3570_none_60bb2a3971f3e41a\COMCTL32.dll
0x00007ff934290000 - 0x00007ff9342bc000 	C:\Windows\System32\GDI32.dll
0x00007ff933bd0000 - 0x00007ff933c6e000 	C:\Windows\System32\msvcrt.dll
0x00007ff932040000 - 0x00007ff93215a000 	C:\Windows\System32\gdi32full.dll
0x00007ff931f70000 - 0x00007ff93200d000 	C:\Windows\System32\msvcp_win.dll
0x00007ff933230000 - 0x00007ff933260000 	C:\Windows\System32\IMM32.DLL
0x00007ff8ce180000 - 0x00007ff8ce21b000 	C:\Program Files\Amazon Corretto\jdk17.0.8_8\bin\msvcp140.dll
0x00007ff8b1570000 - 0x00007ff8b218d000 	C:\Program Files\Amazon Corretto\jdk17.0.8_8\bin\server\jvm.dll
0x00007ff933ec0000 - 0x00007ff933f6e000 	C:\Windows\System32\ADVAPI32.dll
0x00007ff9336f0000 - 0x00007ff93378c000 	C:\Windows\System32\sechost.dll
0x00007ff933c70000 - 0x00007ff933d96000 	C:\Windows\System32\RPCRT4.dll
0x00007ff917d90000 - 0x00007ff917d99000 	C:\Windows\SYSTEM32\WSOCK32.dll
0x00007ff930fa0000 - 0x00007ff930feb000 	C:\Windows\SYSTEM32\POWRPROF.dll
0x00007ff92cf10000 - 0x00007ff92cf37000 	C:\Windows\SYSTEM32\WINMM.dll
0x00007ff92c940000 - 0x00007ff92c94a000 	C:\Windows\SYSTEM32\VERSION.dll
0x00007ff934220000 - 0x00007ff93428b000 	C:\Windows\System32\WS2_32.dll
0x00007ff930e70000 - 0x00007ff930e82000 	C:\Windows\SYSTEM32\UMPDC.dll
0x00007ff92f910000 - 0x00007ff92f922000 	C:\Windows\SYSTEM32\kernel.appcore.dll
0x00007ff910800000 - 0x00007ff91080a000 	C:\Program Files\Amazon Corretto\jdk17.0.8_8\bin\jimage.dll
0x00007ff9172e0000 - 0x00007ff9174c4000 	C:\Windows\SYSTEM32\DBGHELP.DLL
0x00007ff917c50000 - 0x00007ff917c84000 	C:\Windows\SYSTEM32\dbgcore.DLL
0x00007ff931a90000 - 0x00007ff931b12000 	C:\Windows\System32\bcryptPrimitives.dll
0x00007ff8f8eb0000 - 0x00007ff8f8ed5000 	C:\Program Files\Amazon Corretto\jdk17.0.8_8\bin\java.dll
0x00007ff8b2910000 - 0x00007ff8b29e6000 	C:\Program Files\Amazon Corretto\jdk17.0.8_8\bin\jsvml.dll
0x00007ff9324c0000 - 0x00007ff932c04000 	C:\Windows\System32\SHELL32.dll
0x00007ff92fb10000 - 0x00007ff9302ab000 	C:\Windows\SYSTEM32\windows.storage.dll
0x00007ff933330000 - 0x00007ff933684000 	C:\Windows\System32\combase.dll
0x00007ff9313f0000 - 0x00007ff93141d000 	C:\Windows\SYSTEM32\Wldp.dll
0x00007ff932410000 - 0x00007ff9324bd000 	C:\Windows\System32\SHCORE.dll
0x00007ff9341b0000 - 0x00007ff934205000 	C:\Windows\System32\shlwapi.dll
0x00007ff9319c0000 - 0x00007ff9319e5000 	C:\Windows\SYSTEM32\profapi.dll
0x00007ff8fa180000 - 0x00007ff8fa199000 	C:\Program Files\Amazon Corretto\jdk17.0.8_8\bin\net.dll
0x00007ff92b6b0000 - 0x00007ff92b7ba000 	C:\Windows\SYSTEM32\WINHTTP.dll
0x00007ff9311d0000 - 0x00007ff93123a000 	C:\Windows\system32\mswsock.dll
0x00007ff8f15d0000 - 0x00007ff8f15e5000 	C:\Program Files\Amazon Corretto\jdk17.0.8_8\bin\nio.dll
0x00007ff8effd0000 - 0x00007ff8effe8000 	C:\Program Files\Amazon Corretto\jdk17.0.8_8\bin\zip.dll

dbghelp: loaded successfully - version: 4.0.5 - missing functions: none
symbol engine: initialized successfully - sym options: 0x614 - pdb path: .;C:\Program Files\Amazon Corretto\jdk17.0.8_8\bin;C:\Windows\SYSTEM32;C:\Windows\WinSxS\amd64_microsoft.windows.common-controls_6595b64144ccf1df_6.0.19041.3570_none_60bb2a3971f3e41a;C:\Program Files\Amazon Corretto\jdk17.0.8_8\bin\server

VM Arguments:
jvm_args: -Dfile.encoding=windows-1252 -Duser.country=ES -Duser.language=es -Duser.variant 
java_command: jpa.fundamentals.pizzeria.PizzeriaApplication
java_class_path (initial): C:\Users\Main\Desktop\Desarrollos\PERSONAL\pizzeria\build\classes\java\main;C:\Users\Main\Desktop\Desarrollos\PERSONAL\pizzeria\build\resources\main;C:\Users\Main\.gradle\caches\modules-2\files-2.1\org.springframework.boot\spring-boot-starter-data-jpa\3.1.5\5fdcfab1fe9d6dddf4352d71f5ed879eb1aa92c2\spring-boot-starter-data-jpa-3.1.5.jar;C:\Users\Main\.gradle\caches\modules-2\files-2.1\org.springframework.boot\spring-boot-starter-web\3.1.5\3674e5603cc25bc4dccf73b97d50234332fc3d72\spring-boot-starter-web-3.1.5.jar;C:\Users\Main\.gradle\caches\modules-2\files-2.1\com.mysql\mysql-connector-j\8.0.33\9e64d997873abc4318620264703d3fdb6b02dd5a\mysql-connector-j-8.0.33.jar;C:\Users\Main\.gradle\caches\modules-2\files-2.1\org.springframework.boot\spring-boot-starter-aop\3.1.5\2ac1f8bf4c2bce13b46d04abafc69a4f1523a08\spring-boot-starter-aop-3.1.5.jar;C:\Users\Main\.gradle\caches\modules-2\files-2.1\org.springframework.boot\spring-boot-starter-jdbc\3.1.5\138c0e0ab493d8a51bb51dfc3b7144d702ff4c26\spring-boot-starter-jdbc-3.1.5.jar;C:\Users\Main\.gradle\caches\modules-2\files-2.1\org.hibernate.orm\hibernate-core\6.2.13.Final\de458672b40154ab9ecfe7466987ad1772167af8\hibernate-core-6.2.13.Final.jar;C:\Users\Main\.gradle\caches\modules-2\files-2.1\org.springframework.data\spring-data-jpa\3.1.5\6de79da064f0b97c6448e0bfa5d63da9fb6e1582\spring-data-jpa-3.1.5.jar;C:\Users\Main\.gradle\caches\modules-2\files-2.1\org.springframework\spring-aspects\6.0.13\59b1d3f507f5ed2e4ef357541c464925831bea9b\spring-aspects-6.0.13.jar;C:\Users\Main\.gradle\caches\modules-2\files-2.1\org.springframework.boot\spring-boot-starter-json\3.1.5\36ce79c1a5c63ffd72b092eb312cb35ac6edb128\spring-boot-starter-json-3.1.5.jar;C:\Users\Main\.gradle\caches\modules-2\files-2.1\org.springframework.boot\spring-boot-starter\3.1.5\a14cd17b86261933929566775d80c65b9f7440fc\spring-boot-starter-3.1.5.jar;C:\Users\Main\.gradle\caches\modules-2\files-2.1\org.springframework.boot\spring-boot-starter-tomcat
Launcher Type: SUN_STANDARD

[Global flags]
     intx CICompilerCount                          = 4                                         {product} {ergonomic}
     uint ConcGCThreads                            = 3                                         {product} {ergonomic}
     uint G1ConcRefinementThreads                  = 10                                        {product} {ergonomic}
   size_t G1HeapRegionSize                         = 2097152                                   {product} {ergonomic}
    uintx GCDrainStackTargetSize                   = 64                                        {product} {ergonomic}
   size_t InitialHeapSize                          = 266338304                                 {product} {ergonomic}
   size_t MarkStackSize                            = 4194304                                   {product} {ergonomic}
   size_t MaxHeapSize                              = 4236247040                                {product} {ergonomic}
   size_t MaxNewSize                               = 2541748224                                {product} {ergonomic}
   size_t MinHeapDeltaBytes                        = 2097152                                   {product} {ergonomic}
   size_t MinHeapSize                              = 8388608                                   {product} {ergonomic}
    uintx NonNMethodCodeHeapSize                   = 5839372                                {pd product} {ergonomic}
    uintx NonProfiledCodeHeapSize                  = 122909434                              {pd product} {ergonomic}
    uintx ProfiledCodeHeapSize                     = 122909434                              {pd product} {ergonomic}
    uintx ReservedCodeCacheSize                    = 251658240                              {pd product} {ergonomic}
     bool SegmentedCodeCache                       = true                                      {product} {ergonomic}
   size_t SoftMaxHeapSize                          = 4236247040                             {manageable} {ergonomic}
     bool UseCompressedClassPointers               = true                           {product lp64_product} {ergonomic}
     bool UseCompressedOops                        = true                           {product lp64_product} {ergonomic}
     bool UseG1GC                                  = true                                      {product} {ergonomic}
     bool UseLargePagesIndividualAllocation        = false                                  {pd product} {ergonomic}

Logging:
Log output configuration:
 #0: stdout all=warning uptime,level,tags
 #1: stderr all=off uptime,level,tags

Environment Variables:
JAVA_HOME=C:\Program Files\Amazon Corretto\jdk17.0.8_8
PATH=C:\Program Files\Amazon Corretto\jdk17.0.8_8\bin;C:\Windows\system32;C:\Windows;C:\Windows\System32\Wbem;C:\Windows\System32\WindowsPowerShell\v1.0\;C:\Windows\System32\OpenSSH\;C:\Program Files\Docker\Docker\resources\bin;C:\Users\Main\Downloads\php-8.2.9-nts-Win32-vs16-x64;C:\composer;C:\Users\Main\AppData\Roaming\nvm;C:\Program Files\nodejs;C:\Program Files\Git\cmd;C:\Users\Main\AppData\Local\Programs\Python\Python312\Scripts\;C:\Users\Main\AppData\Local\Programs\Python\Python312\;C:\Users\Main\AppData\Local\Programs\Python\Launcher\;C:\Users\Main\AppData\Local\Microsoft\WindowsApps;C:\Users\Main\AppData\Roaming\Composer\vendor\bin;C:\Users\Main\AppData\Roaming\nvm;C:\Program Files\nodejs;C:\Users\Main\AppData\Local\Programs\Microsoft VS Code\bin
USERNAME=Main
OS=Windows_NT
PROCESSOR_IDENTIFIER=Intel64 Family 6 Model 151 Stepping 5, GenuineIntel
TMP=C:\Users\Main\AppData\Local\Temp
TEMP=C:\Users\Main\AppData\Local\Temp



---------------  S Y S T E M  ---------------

OS:
 Windows 10 , 64 bit Build 19041 (10.0.19041.3570)
OS uptime: 2 days 23:12 hours
Hyper-V role detected

CPU: total 12 (initial active 12) (6 cores per cpu, 2 threads per core) family 6 model 151 stepping 5 microcode 0x2c, cx8, cmov, fxsr, ht, mmx, 3dnowpref, sse, sse2, sse3, ssse3, sse4.1, sse4.2, popcnt, lzcnt, tsc, tscinvbit, avx, avx2, aes, erms, clmul, bmi1, bmi2, adx, sha, fma, vzeroupper, clflush, clflushopt, clwb, hv
Processor Information for all 12 processors :
  Max Mhz: 2500, Current Mhz: 2500, Mhz Limit: 2500

Memory: 4k page, system-wide physical 16155M (2424M free)
TotalPageFile size 16155M (AvailPageFile size 5M)
current process WorkingSet (physical memory assigned to process): 94M, peak: 94M
current process commit charge ("private bytes"): 374M, peak: 374M

vm_info: OpenJDK 64-Bit Server VM (17.0.8.1+8-LTS) for windows-amd64 JRE (17.0.8.1+8-LTS), built on Aug 19 2023 03:47:39 by "Administrator" with MS VC++ 15.9 (VS2017)

END.
